<?xml version="1.0" encoding="UTF-8"?>
<coverage generated="1471705942320" clover="3.2.0">
	<project timestamp="1471705942320"  name="All Files" >
		<metrics statements="89"  coveredstatements="70"  conditionals="113"  coveredconditionals="60"  methods="52"  coveredmethods="38"  elements="254"  coveredelements="168"  complexity="0"  packages="5"  files="9"  classes="9"  loc="266"  ncloc="266" />
		<package name="api" >
			<metrics statements="16"  coveredstatements="16"  conditionals="2"  coveredconditionals="2"  methods="8"  coveredmethods="8" />
			<file name="getBaseLocation.js"  path="/Users/adamwysocki/projects/whereami/app/api/getBaseLocation.js" >
				<metrics statements="16"  coveredstatements="16"  conditionals="2"  coveredconditionals="2"  methods="8"  coveredmethods="8" />
				<line num="1"  count="3"  type="stmt" />
				<line num="5"  count="4"  type="stmt" />
				<line num="6"  count="4"  type="stmt" />
				<line num="7"  count="4"  type="stmt" />
				<line num="10"  count="4"  type="stmt" />
				<line num="11"  count="3"  type="stmt" />
				<line num="13"  count="3"  type="stmt" />
				<line num="15"  count="2"  type="stmt" />
				<line num="16"  count="2"  type="stmt" />
				<line num="17"  count="2"  type="stmt" />
				<line num="18"  count="2"  type="stmt" />
				<line num="21"  count="1"  type="stmt" />
				<line num="26"  count="1"  type="stmt" />
				<line num="33"  count="2"  type="stmt" />
				<line num="37"  count="2"  type="stmt" />
				<line num="41"  count="2"  type="stmt" />
			</file>
		</package>
		<package name="components.button" >
			<metrics statements="9"  coveredstatements="9"  conditionals="4"  coveredconditionals="4"  methods="2"  coveredmethods="2" />
			<file name="index.js"  path="/Users/adamwysocki/projects/whereami/app/components/button/index.js" >
				<metrics statements="7"  coveredstatements="7"  conditionals="4"  coveredconditionals="4"  methods="2"  coveredmethods="2" />
				<line num="1"  count="4"  type="stmt" />
				<line num="7"  count="4"  type="stmt" />
				<line num="8"  count="4"  type="stmt" />
				<line num="14"  count="8"  type="stmt" />
				<line num="16"  count="6"  type="stmt" />
				<line num="19"  count="4"  type="stmt" />
				<line num="26"  count="4"  type="stmt" />
			</file>
			<file name="styles.js"  path="/Users/adamwysocki/projects/whereami/app/components/button/styles.js" >
				<metrics statements="2"  coveredstatements="2"  conditionals="0"  coveredconditionals="0"  methods="0"  coveredmethods="0" />
				<line num="1"  count="4"  type="stmt" />
				<line num="7"  count="4"  type="stmt" />
			</file>
		</package>
		<package name="components.location" >
			<metrics statements="13"  coveredstatements="13"  conditionals="31"  coveredconditionals="19"  methods="10"  coveredmethods="10" />
			<file name="index.js"  path="/Users/adamwysocki/projects/whereami/app/components/location/index.js" >
				<metrics statements="11"  coveredstatements="11"  conditionals="31"  coveredconditionals="19"  methods="10"  coveredmethods="10" />
				<line num="1"  count="3"  type="stmt" />
				<line num="7"  count="3"  type="stmt" />
				<line num="8"  count="3"  type="stmt" />
				<line num="10"  count="3"  type="stmt" />
				<line num="11"  count="9"  type="stmt" />
				<line num="13"  count="3"  type="stmt" />
				<line num="15"  count="2"  type="stmt" />
				<line num="17"  count="3"  type="stmt" />
				<line num="20"  count="5"  type="stmt" />
				<line num="26"  count="3"  type="stmt" />
				<line num="29"  count="3"  type="stmt" />
			</file>
			<file name="styles.js"  path="/Users/adamwysocki/projects/whereami/app/components/location/styles.js" >
				<metrics statements="2"  coveredstatements="2"  conditionals="0"  coveredconditionals="0"  methods="0"  coveredmethods="0" />
				<line num="1"  count="3"  type="stmt" />
				<line num="7"  count="3"  type="stmt" />
			</file>
		</package>
		<package name="components.locationContainer" >
			<metrics statements="21"  coveredstatements="21"  conditionals="33"  coveredconditionals="20"  methods="12"  coveredmethods="12" />
			<file name="index.js"  path="/Users/adamwysocki/projects/whereami/app/components/locationContainer/index.js" >
				<metrics statements="19"  coveredstatements="19"  conditionals="33"  coveredconditionals="20"  methods="12"  coveredmethods="12" />
				<line num="1"  count="4"  type="stmt" />
				<line num="7"  count="2"  type="stmt" />
				<line num="9"  count="2"  type="stmt" />
				<line num="10"  count="2"  type="stmt" />
				<line num="11"  count="8"  type="stmt" />
				<line num="13"  count="2"  type="stmt" />
				<line num="15"  count="1"  type="stmt" />
				<line num="17"  count="1"  type="stmt" />
				<line num="20"  count="1"  type="stmt" />
				<line num="22"  count="2"  type="stmt" />
				<line num="24"  count="1"  type="stmt" />
				<line num="26"  count="1"  type="stmt" />
				<line num="28"  count="1"  type="stmt" />
				<line num="29"  count="1"  type="stmt" />
				<line num="30"  count="1"  type="stmt" />
				<line num="31"  count="1"  type="stmt" />
				<line num="37"  count="4"  type="stmt" />
				<line num="44"  count="2"  type="stmt" />
				<line num="47"  count="2"  type="stmt" />
			</file>
			<file name="styles.js"  path="/Users/adamwysocki/projects/whereami/app/components/locationContainer/styles.js" >
				<metrics statements="2"  coveredstatements="2"  conditionals="0"  coveredconditionals="0"  methods="0"  coveredmethods="0" />
				<line num="1"  count="2"  type="stmt" />
				<line num="7"  count="2"  type="stmt" />
			</file>
		</package>
		<package name="components.whereami" >
			<metrics statements="30"  coveredstatements="11"  conditionals="43"  coveredconditionals="15"  methods="20"  coveredmethods="6" />
			<file name="index.js"  path="/Users/adamwysocki/projects/whereami/app/components/whereami/index.js" >
				<metrics statements="28"  coveredstatements="9"  conditionals="43"  coveredconditionals="15"  methods="20"  coveredmethods="6" />
				<line num="1"  count="5"  type="stmt" />
				<line num="9"  count="1"  type="stmt" />
				<line num="10"  count="1"  type="stmt" />
				<line num="13"  count="1"  type="stmt" />
				<line num="14"  count="1"  type="stmt" />
				<line num="15"  count="4"  type="stmt" />
				<line num="17"  count="1"  type="stmt" />
				<line num="19"  count="0"  type="stmt" />
				<line num="22"  count="0"  type="stmt" />
				<line num="27"  count="0"  type="stmt" />
				<line num="29"  count="1"  type="stmt" />
				<line num="33"  count="0"  type="stmt" />
				<line num="38"  count="0"  type="stmt" />
				<line num="44"  count="0"  type="stmt" />
				<line num="52"  count="0"  type="stmt" />
				<line num="53"  count="0"  type="stmt" />
				<line num="55"  count="0"  type="stmt" />
				<line num="56"  count="0"  type="stmt" />
				<line num="57"  count="0"  type="stmt" />
				<line num="58"  count="0"  type="stmt" />
				<line num="60"  count="0"  type="stmt" />
				<line num="67"  count="0"  type="stmt" />
				<line num="74"  count="0"  type="stmt" />
				<line num="75"  count="0"  type="stmt" />
				<line num="80"  count="0"  type="stmt" />
				<line num="83"  count="0"  type="stmt" />
				<line num="86"  count="0"  type="stmt" />
				<line num="94"  count="1"  type="stmt" />
			</file>
			<file name="styles.js"  path="/Users/adamwysocki/projects/whereami/app/components/whereami/styles.js" >
				<metrics statements="2"  coveredstatements="2"  conditionals="0"  coveredconditionals="0"  methods="0"  coveredmethods="0" />
				<line num="1"  count="1"  type="stmt" />
				<line num="8"  count="1"  type="stmt" />
			</file>
		</package>
	</project>
</coverage>
