{
"/Users/adamwysocki/projects/whereami/app/api/getBaseLocation.js":{"path":"/Users/adamwysocki/projects/whereami/app/api/getBaseLocation.js","statementMap":{"1":{"start":{"line":1,"column":13},"end":{"line":1,"column":70}},"2":{"start":{"line":1,"column":70},"end":{"line":3,"column":16}},"3":{"start":{"line":5,"column":0},"end":{"line":28,"column":3}},"4":{"start":{"line":6,"column":9},"end":{"line":6,"column":11}},"5":{"start":{"line":6,"column":18},"end":{"line":6,"column":20}},"6":{"start":{"line":6,"column":29},"end":{"line":6,"column":31}},"7":{"start":{"line":7,"column":8},"end":{"line":8,"column":38}},"8":{"start":{"line":10,"column":0},"end":{"line":27,"column":3}},"9":{"start":{"line":11,"column":24},"end":{"line":11,"column":47}},"10":{"start":{"line":13,"column":0},"end":{"line":22,"column":1}},"11":{"start":{"line":15,"column":0},"end":{"line":15,"column":27}},"12":{"start":{"line":16,"column":0},"end":{"line":16,"column":29}},"13":{"start":{"line":17,"column":0},"end":{"line":17,"column":33}},"14":{"start":{"line":18,"column":0},"end":{"line":18,"column":49}},"15":{"start":{"line":21,"column":0},"end":{"line":21,"column":38}},"16":{"start":{"line":26,"column":0},"end":{"line":26,"column":33}},"17":{"start":{"line":33,"column":0},"end":{"line":33,"column":63}},"18":{"start":{"line":37,"column":0},"end":{"line":37,"column":63}},"19":{"start":{"line":41,"column":0},"end":{"line":41,"column":64}}},"fnMap":{"1":{"name":"getBaseLocation","decl":{"start":{"line":3,"column":25},"end":{"line":3,"column":40}},"loc":{"start":{"line":3,"column":60},"end":{"line":30,"column":1}}},"2":{"name":"(anonymous_2)","decl":{"start":{"line":5,"column":19},"end":{"line":5,"column":20}},"loc":{"start":{"line":5,"column":36},"end":{"line":28,"column":1}}},"3":{"name":"(anonymous_3)","decl":{"start":{"line":11,"column":5},"end":{"line":11,"column":6}},"loc":{"start":{"line":11,"column":23},"end":{"line":11,"column":48}}},"4":{"name":"(anonymous_4)","decl":{"start":{"line":12,"column":5},"end":{"line":12,"column":6}},"loc":{"start":{"line":12,"column":27},"end":{"line":23,"column":1}}},"5":{"name":"(anonymous_5)","decl":{"start":{"line":24,"column":6},"end":{"line":24,"column":7}},"loc":{"start":{"line":24,"column":21},"end":{"line":27,"column":1}}},"6":{"name":"getCity","decl":{"start":{"line":32,"column":9},"end":{"line":32,"column":16}},"loc":{"start":{"line":32,"column":30},"end":{"line":34,"column":1}}},"7":{"name":"getState","decl":{"start":{"line":36,"column":9},"end":{"line":36,"column":17}},"loc":{"start":{"line":36,"column":31},"end":{"line":38,"column":1}}},"8":{"name":"getCountry","decl":{"start":{"line":40,"column":9},"end":{"line":40,"column":19}},"loc":{"start":{"line":40,"column":33},"end":{"line":42,"column":1}}}},"branchMap":{"1":{"loc":{"start":{"line":13,"column":0},"end":{"line":22,"column":1}},"type":"if","locations":[{"start":{"line":13,"column":0},"end":{"line":22,"column":1}},{"start":{"line":13,"column":0},"end":{"line":22,"column":1}}]}},"s":{"1":2,"2":2,"3":4,"4":4,"5":4,"6":4,"7":4,"8":4,"9":3,"10":3,"11":2,"12":2,"13":2,"14":2,"15":1,"16":1,"17":2,"18":2,"19":2},"f":{"1":4,"2":4,"3":3,"4":3,"5":1,"6":2,"7":2,"8":2},"b":{"1":[2,1]},"hash":"0c65312326861d18a3fa5c4effd6c9d5bc771be2","l":{"1":2,"5":4,"6":4,"7":4,"10":4,"11":3,"13":3,"15":2,"16":2,"17":2,"18":2,"21":1,"26":1,"33":2,"37":2,"41":2}},
"/Users/adamwysocki/projects/whereami/app/components/button/index.js":{"path":"/Users/adamwysocki/projects/whereami/app/components/button/index.js","statementMap":{"1":{"start":{"line":1,"column":27},"end":{"line":1,"column":84}},"2":{"start":{"line":1,"column":101},"end":{"line":1,"column":593}},"3":{"start":{"line":1,"column":152},"end":{"line":1,"column":394}},"4":{"start":{"line":1,"column":199},"end":{"line":1,"column":207}},"5":{"start":{"line":1,"column":208},"end":{"line":1,"column":259}},"6":{"start":{"line":1,"column":259},"end":{"line":1,"column":288}},"7":{"start":{"line":1,"column":288},"end":{"line":1,"column":337}},"8":{"start":{"line":1,"column":312},"end":{"line":1,"column":337}},"9":{"start":{"line":1,"column":337},"end":{"line":1,"column":393}},"10":{"start":{"line":1,"column":395},"end":{"line":1,"column":590}},"11":{"start":{"line":1,"column":447},"end":{"line":1,"column":512}},"12":{"start":{"line":1,"column":461},"end":{"line":1,"column":512}},"13":{"start":{"line":1,"column":512},"end":{"line":1,"column":569}},"14":{"start":{"line":1,"column":527},"end":{"line":1,"column":569}},"15":{"start":{"line":1,"column":569},"end":{"line":1,"column":588}},"16":{"start":{"line":7,"column":11},"end":{"line":7,"column":27}},"17":{"start":{"line":7,"column":40},"end":{"line":7,"column":70}},"18":{"start":{"line":8,"column":17},"end":{"line":8,"column":40}},"19":{"start":{"line":8,"column":78},"end":{"line":8,"column":123}},"20":{"start":{"line":8,"column":171},"end":{"line":8,"column":268}},"21":{"start":{"line":8,"column":210},"end":{"line":8,"column":267}},"22":{"start":{"line":8,"column":316},"end":{"line":8,"column":413}},"23":{"start":{"line":8,"column":326},"end":{"line":8,"column":412}},"24":{"start":{"line":8,"column":413},"end":{"line":8,"column":487}},"25":{"start":{"line":8,"column":528},"end":{"line":8,"column":681}},"26":{"start":{"line":8,"column":582},"end":{"line":8,"column":680}},"27":{"start":{"line":8,"column":681},"end":{"line":8,"column":828}},"28":{"start":{"line":8,"column":828},"end":{"line":8,"column":937}},"29":{"start":{"line":8,"column":842},"end":{"line":8,"column":937}},"30":{"start":{"line":15,"column":7},"end":{"line":24,"column":38}},"31":{"start":{"line":15,"column":28},"end":{"line":15,"column":57}},"32":{"start":{"line":15,"column":75},"end":{"line":15,"column":104}},"33":{"start":{"line":15,"column":104},"end":{"line":15,"column":196}},"34":{"start":{"line":15,"column":197},"end":{"line":24,"column":5}},"35":{"start":{"line":17,"column":0},"end":{"line":20,"column":93}},"36":{"start":{"line":24,"column":5},"end":{"line":24,"column":19}},"37":{"start":{"line":24,"column":39},"end":{"line":24,"column":62}},"38":{"start":{"line":27,"column":0},"end":{"line":28,"column":51}},"39":{"start":{"line":32,"column":11},"end":{"line":44,"column":19}}},"fnMap":{"1":{"name":"(anonymous_1)","decl":{"start":{"line":1,"column":101},"end":{"line":1,"column":102}},"loc":{"start":{"line":1,"column":111},"end":{"line":1,"column":591}}},"2":{"name":"defineProperties","decl":{"start":{"line":1,"column":121},"end":{"line":1,"column":137}},"loc":{"start":{"line":1,"column":151},"end":{"line":1,"column":395}}},"3":{"name":"(anonymous_3)","decl":{"start":{"line":1,"column":402},"end":{"line":1,"column":403}},"loc":{"start":{"line":1,"column":446},"end":{"line":1,"column":589}}},"4":{"name":"_interopRequireDefault","decl":{"start":{"line":8,"column":50},"end":{"line":8,"column":72}},"loc":{"start":{"line":8,"column":77},"end":{"line":8,"column":124}}},"5":{"name":"_classCallCheck","decl":{"start":{"line":8,"column":133},"end":{"line":8,"column":148}},"loc":{"start":{"line":8,"column":170},"end":{"line":8,"column":269}}},"6":{"name":"_possibleConstructorReturn","decl":{"start":{"line":8,"column":278},"end":{"line":8,"column":304}},"loc":{"start":{"line":8,"column":315},"end":{"line":8,"column":488}}},"7":{"name":"_inherits","decl":{"start":{"line":8,"column":497},"end":{"line":8,"column":506}},"loc":{"start":{"line":8,"column":527},"end":{"line":8,"column":938}}},"8":{"name":"(anonymous_8)","decl":{"start":{"line":15,"column":7},"end":{"line":15,"column":8}},"loc":{"start":{"line":15,"column":27},"end":{"line":24,"column":20}}},"9":{"name":"Button","decl":{"start":{"line":15,"column":66},"end":{"line":15,"column":72}},"loc":{"start":{"line":15,"column":74},"end":{"line":15,"column":197}}},"10":{"name":"render","decl":{"start":{"line":15,"column":247},"end":{"line":15,"column":253}},"loc":{"start":{"line":16,"column":0},"end":{"line":24,"column":1}}}},"branchMap":{"1":{"loc":{"start":{"line":1,"column":230},"end":{"line":1,"column":258}},"type":"binary-expr","locations":[{"start":{"line":1,"column":230},"end":{"line":1,"column":251}},{"start":{"line":1,"column":253},"end":{"line":1,"column":258}}]},"2":{"loc":{"start":{"line":1,"column":288},"end":{"line":1,"column":337}},"type":"if","locations":[{"start":{"line":1,"column":288},"end":{"line":1,"column":337}},{"start":{"line":1,"column":288},"end":{"line":1,"column":337}}]},"3":{"loc":{"start":{"line":1,"column":447},"end":{"line":1,"column":512}},"type":"if","locations":[{"start":{"line":1,"column":447},"end":{"line":1,"column":512}},{"start":{"line":1,"column":447},"end":{"line":1,"column":512}}]},"4":{"loc":{"start":{"line":1,"column":512},"end":{"line":1,"column":569}},"type":"if","locations":[{"start":{"line":1,"column":512},"end":{"line":1,"column":569}},{"start":{"line":1,"column":512},"end":{"line":1,"column":569}}]},"5":{"loc":{"start":{"line":8,"column":85},"end":{"line":8,"column":122}},"type":"cond-expr","locations":[{"start":{"line":8,"column":105},"end":{"line":8,"column":108}},{"start":{"line":8,"column":109},"end":{"line":8,"column":122}}]},"6":{"loc":{"start":{"line":8,"column":85},"end":{"line":8,"column":104}},"type":"binary-expr","locations":[{"start":{"line":8,"column":85},"end":{"line":8,"column":88}},{"start":{"line":8,"column":90},"end":{"line":8,"column":104}}]},"7":{"loc":{"start":{"line":8,"column":171},"end":{"line":8,"column":268}},"type":"if","locations":[{"start":{"line":8,"column":171},"end":{"line":8,"column":268}},{"start":{"line":8,"column":171},"end":{"line":8,"column":268}}]},"8":{"loc":{"start":{"line":8,"column":316},"end":{"line":8,"column":413}},"type":"if","locations":[{"start":{"line":8,"column":316},"end":{"line":8,"column":413}},{"start":{"line":8,"column":316},"end":{"line":8,"column":413}}]},"9":{"loc":{"start":{"line":8,"column":420},"end":{"line":8,"column":486}},"type":"cond-expr","locations":[{"start":{"line":8,"column":477},"end":{"line":8,"column":481}},{"start":{"line":8,"column":482},"end":{"line":8,"column":486}}]},"10":{"loc":{"start":{"line":8,"column":420},"end":{"line":8,"column":476}},"type":"binary-expr","locations":[{"start":{"line":8,"column":420},"end":{"line":8,"column":424}},{"start":{"line":8,"column":427},"end":{"line":8,"column":449}},{"start":{"line":8,"column":451},"end":{"line":8,"column":475}}]},"11":{"loc":{"start":{"line":8,"column":528},"end":{"line":8,"column":681}},"type":"if","locations":[{"start":{"line":8,"column":528},"end":{"line":8,"column":681}},{"start":{"line":8,"column":528},"end":{"line":8,"column":681}}]},"12":{"loc":{"start":{"line":8,"column":531},"end":{"line":8,"column":580}},"type":"binary-expr","locations":[{"start":{"line":8,"column":531},"end":{"line":8,"column":561}},{"start":{"line":8,"column":563},"end":{"line":8,"column":580}}]},"13":{"loc":{"start":{"line":8,"column":714},"end":{"line":8,"column":746}},"type":"binary-expr","locations":[{"start":{"line":8,"column":714},"end":{"line":8,"column":724}},{"start":{"line":8,"column":726},"end":{"line":8,"column":746}}]},"14":{"loc":{"start":{"line":8,"column":828},"end":{"line":8,"column":937}},"type":"if","locations":[{"start":{"line":8,"column":828},"end":{"line":8,"column":937}},{"start":{"line":8,"column":828},"end":{"line":8,"column":937}}]},"15":{"loc":{"start":{"line":8,"column":842},"end":{"line":8,"column":936}},"type":"cond-expr","locations":[{"start":{"line":8,"column":864},"end":{"line":8,"column":906}},{"start":{"line":8,"column":907},"end":{"line":8,"column":936}}]}},"s":{"1":3,"2":3,"3":3,"4":3,"5":3,"6":3,"7":3,"8":3,"9":3,"10":3,"11":3,"12":3,"13":3,"14":0,"15":3,"16":3,"17":3,"18":3,"19":3,"20":3,"21":0,"22":3,"23":0,"24":3,"25":3,"26":0,"27":3,"28":3,"29":3,"30":3,"31":3,"32":3,"33":3,"34":3,"35":6,"36":3,"37":3,"38":3,"39":3},"f":{"1":3,"2":3,"3":3,"4":3,"5":3,"6":3,"7":3,"8":3,"9":3,"10":6},"b":{"1":[3,3],"2":[3,0],"3":[3,0],"4":[0,3],"5":[0,3],"6":[3,3],"7":[0,3],"8":[0,3],"9":[0,3],"10":[3,0,0],"11":[0,3],"12":[3,0],"13":[3,3],"14":[3,0],"15":[3,0]},"hash":"03a9887d9549173240dd11fa47378fb05f5b89b7","l":{"1":3,"7":3,"8":3,"15":3,"17":6,"24":3,"27":3,"32":3}},
"/Users/adamwysocki/projects/whereami/app/components/location/index.js":{"path":"/Users/adamwysocki/projects/whereami/app/components/location/index.js","statementMap":{"1":{"start":{"line":1,"column":27},"end":{"line":1,"column":84}},"2":{"start":{"line":1,"column":101},"end":{"line":1,"column":593}},"3":{"start":{"line":1,"column":152},"end":{"line":1,"column":394}},"4":{"start":{"line":1,"column":199},"end":{"line":1,"column":207}},"5":{"start":{"line":1,"column":208},"end":{"line":1,"column":259}},"6":{"start":{"line":1,"column":259},"end":{"line":1,"column":288}},"7":{"start":{"line":1,"column":288},"end":{"line":1,"column":337}},"8":{"start":{"line":1,"column":312},"end":{"line":1,"column":337}},"9":{"start":{"line":1,"column":337},"end":{"line":1,"column":393}},"10":{"start":{"line":1,"column":395},"end":{"line":1,"column":590}},"11":{"start":{"line":1,"column":447},"end":{"line":1,"column":512}},"12":{"start":{"line":1,"column":461},"end":{"line":1,"column":512}},"13":{"start":{"line":1,"column":512},"end":{"line":1,"column":569}},"14":{"start":{"line":1,"column":527},"end":{"line":1,"column":569}},"15":{"start":{"line":1,"column":569},"end":{"line":1,"column":588}},"16":{"start":{"line":7,"column":11},"end":{"line":7,"column":27}},"17":{"start":{"line":7,"column":40},"end":{"line":7,"column":70}},"18":{"start":{"line":8,"column":17},"end":{"line":8,"column":40}},"19":{"start":{"line":15,"column":12},"end":{"line":15,"column":32}},"20":{"start":{"line":15,"column":46},"end":{"line":15,"column":77}},"21":{"start":{"line":15,"column":115},"end":{"line":15,"column":160}},"22":{"start":{"line":15,"column":208},"end":{"line":15,"column":305}},"23":{"start":{"line":15,"column":247},"end":{"line":15,"column":304}},"24":{"start":{"line":15,"column":353},"end":{"line":15,"column":450}},"25":{"start":{"line":15,"column":363},"end":{"line":15,"column":449}},"26":{"start":{"line":15,"column":450},"end":{"line":15,"column":524}},"27":{"start":{"line":15,"column":565},"end":{"line":15,"column":718}},"28":{"start":{"line":15,"column":619},"end":{"line":15,"column":717}},"29":{"start":{"line":15,"column":718},"end":{"line":15,"column":865}},"30":{"start":{"line":15,"column":865},"end":{"line":15,"column":974}},"31":{"start":{"line":15,"column":879},"end":{"line":15,"column":974}},"32":{"start":{"line":17,"column":9},"end":{"line":30,"column":40}},"33":{"start":{"line":17,"column":30},"end":{"line":17,"column":61}},"34":{"start":{"line":19,"column":25},"end":{"line":19,"column":56}},"35":{"start":{"line":19,"column":56},"end":{"line":20,"column":8}},"36":{"start":{"line":21,"column":1},"end":{"line":30,"column":5}},"37":{"start":{"line":24,"column":0},"end":{"line":27,"column":87}},"38":{"start":{"line":30,"column":5},"end":{"line":30,"column":21}},"39":{"start":{"line":30,"column":41},"end":{"line":30,"column":66}},"40":{"start":{"line":33,"column":0},"end":{"line":37,"column":51}},"41":{"start":{"line":40,"column":11},"end":{"line":52,"column":14}}},"fnMap":{"1":{"name":"(anonymous_1)","decl":{"start":{"line":1,"column":101},"end":{"line":1,"column":102}},"loc":{"start":{"line":1,"column":111},"end":{"line":1,"column":591}}},"2":{"name":"defineProperties","decl":{"start":{"line":1,"column":121},"end":{"line":1,"column":137}},"loc":{"start":{"line":1,"column":151},"end":{"line":1,"column":395}}},"3":{"name":"(anonymous_3)","decl":{"start":{"line":1,"column":402},"end":{"line":1,"column":403}},"loc":{"start":{"line":1,"column":446},"end":{"line":1,"column":589}}},"4":{"name":"_interopRequireDefault","decl":{"start":{"line":15,"column":87},"end":{"line":15,"column":109}},"loc":{"start":{"line":15,"column":114},"end":{"line":15,"column":161}}},"5":{"name":"_classCallCheck","decl":{"start":{"line":15,"column":170},"end":{"line":15,"column":185}},"loc":{"start":{"line":15,"column":207},"end":{"line":15,"column":306}}},"6":{"name":"_possibleConstructorReturn","decl":{"start":{"line":15,"column":315},"end":{"line":15,"column":341}},"loc":{"start":{"line":15,"column":352},"end":{"line":15,"column":525}}},"7":{"name":"_inherits","decl":{"start":{"line":15,"column":534},"end":{"line":15,"column":543}},"loc":{"start":{"line":15,"column":564},"end":{"line":15,"column":975}}},"8":{"name":"(anonymous_8)","decl":{"start":{"line":17,"column":9},"end":{"line":17,"column":10}},"loc":{"start":{"line":17,"column":29},"end":{"line":30,"column":22}}},"9":{"name":"Location","decl":{"start":{"line":19,"column":9},"end":{"line":19,"column":17}},"loc":{"start":{"line":19,"column":24},"end":{"line":21,"column":1}}},"10":{"name":"render","decl":{"start":{"line":21,"column":53},"end":{"line":21,"column":59}},"loc":{"start":{"line":23,"column":0},"end":{"line":30,"column":1}}}},"branchMap":{"1":{"loc":{"start":{"line":1,"column":230},"end":{"line":1,"column":258}},"type":"binary-expr","locations":[{"start":{"line":1,"column":230},"end":{"line":1,"column":251}},{"start":{"line":1,"column":253},"end":{"line":1,"column":258}}]},"2":{"loc":{"start":{"line":1,"column":288},"end":{"line":1,"column":337}},"type":"if","locations":[{"start":{"line":1,"column":288},"end":{"line":1,"column":337}},{"start":{"line":1,"column":288},"end":{"line":1,"column":337}}]},"3":{"loc":{"start":{"line":1,"column":447},"end":{"line":1,"column":512}},"type":"if","locations":[{"start":{"line":1,"column":447},"end":{"line":1,"column":512}},{"start":{"line":1,"column":447},"end":{"line":1,"column":512}}]},"4":{"loc":{"start":{"line":1,"column":512},"end":{"line":1,"column":569}},"type":"if","locations":[{"start":{"line":1,"column":512},"end":{"line":1,"column":569}},{"start":{"line":1,"column":512},"end":{"line":1,"column":569}}]},"5":{"loc":{"start":{"line":15,"column":122},"end":{"line":15,"column":159}},"type":"cond-expr","locations":[{"start":{"line":15,"column":142},"end":{"line":15,"column":145}},{"start":{"line":15,"column":146},"end":{"line":15,"column":159}}]},"6":{"loc":{"start":{"line":15,"column":122},"end":{"line":15,"column":141}},"type":"binary-expr","locations":[{"start":{"line":15,"column":122},"end":{"line":15,"column":125}},{"start":{"line":15,"column":127},"end":{"line":15,"column":141}}]},"7":{"loc":{"start":{"line":15,"column":208},"end":{"line":15,"column":305}},"type":"if","locations":[{"start":{"line":15,"column":208},"end":{"line":15,"column":305}},{"start":{"line":15,"column":208},"end":{"line":15,"column":305}}]},"8":{"loc":{"start":{"line":15,"column":353},"end":{"line":15,"column":450}},"type":"if","locations":[{"start":{"line":15,"column":353},"end":{"line":15,"column":450}},{"start":{"line":15,"column":353},"end":{"line":15,"column":450}}]},"9":{"loc":{"start":{"line":15,"column":457},"end":{"line":15,"column":523}},"type":"cond-expr","locations":[{"start":{"line":15,"column":514},"end":{"line":15,"column":518}},{"start":{"line":15,"column":519},"end":{"line":15,"column":523}}]},"10":{"loc":{"start":{"line":15,"column":457},"end":{"line":15,"column":513}},"type":"binary-expr","locations":[{"start":{"line":15,"column":457},"end":{"line":15,"column":461}},{"start":{"line":15,"column":464},"end":{"line":15,"column":486}},{"start":{"line":15,"column":488},"end":{"line":15,"column":512}}]},"11":{"loc":{"start":{"line":15,"column":565},"end":{"line":15,"column":718}},"type":"if","locations":[{"start":{"line":15,"column":565},"end":{"line":15,"column":718}},{"start":{"line":15,"column":565},"end":{"line":15,"column":718}}]},"12":{"loc":{"start":{"line":15,"column":568},"end":{"line":15,"column":617}},"type":"binary-expr","locations":[{"start":{"line":15,"column":568},"end":{"line":15,"column":598}},{"start":{"line":15,"column":600},"end":{"line":15,"column":617}}]},"13":{"loc":{"start":{"line":15,"column":751},"end":{"line":15,"column":783}},"type":"binary-expr","locations":[{"start":{"line":15,"column":751},"end":{"line":15,"column":761}},{"start":{"line":15,"column":763},"end":{"line":15,"column":783}}]},"14":{"loc":{"start":{"line":15,"column":865},"end":{"line":15,"column":974}},"type":"if","locations":[{"start":{"line":15,"column":865},"end":{"line":15,"column":974}},{"start":{"line":15,"column":865},"end":{"line":15,"column":974}}]},"15":{"loc":{"start":{"line":15,"column":879},"end":{"line":15,"column":973}},"type":"cond-expr","locations":[{"start":{"line":15,"column":901},"end":{"line":15,"column":943}},{"start":{"line":15,"column":944},"end":{"line":15,"column":973}}]}},"s":{"1":2,"2":2,"3":2,"4":2,"5":2,"6":2,"7":2,"8":2,"9":2,"10":2,"11":2,"12":2,"13":2,"14":0,"15":2,"16":2,"17":2,"18":2,"19":2,"20":2,"21":4,"22":2,"23":0,"24":2,"25":0,"26":2,"27":2,"28":0,"29":2,"30":2,"31":2,"32":2,"33":2,"34":2,"35":2,"36":2,"37":5,"38":2,"39":2,"40":2,"41":2},"f":{"1":2,"2":2,"3":2,"4":4,"5":2,"6":2,"7":2,"8":2,"9":2,"10":5},"b":{"1":[2,2],"2":[2,0],"3":[2,0],"4":[0,2],"5":[2,2],"6":[4,4],"7":[0,2],"8":[0,2],"9":[0,2],"10":[2,0,0],"11":[0,2],"12":[2,0],"13":[2,2],"14":[2,0],"15":[2,0]},"hash":"f15056da6647793815d08057733c468a8c8a7a8b","l":{"1":2,"7":2,"8":2,"15":4,"17":2,"19":2,"21":2,"24":5,"30":2,"33":2,"40":2}},
"/Users/adamwysocki/projects/whereami/app/components/locationContainer/index.js":{"path":"/Users/adamwysocki/projects/whereami/app/components/locationContainer/index.js","statementMap":{"1":{"start":{"line":1,"column":27},"end":{"line":1,"column":84}},"2":{"start":{"line":1,"column":101},"end":{"line":1,"column":593}},"3":{"start":{"line":1,"column":152},"end":{"line":1,"column":394}},"4":{"start":{"line":1,"column":199},"end":{"line":1,"column":207}},"5":{"start":{"line":1,"column":208},"end":{"line":1,"column":259}},"6":{"start":{"line":1,"column":259},"end":{"line":1,"column":288}},"7":{"start":{"line":1,"column":288},"end":{"line":1,"column":337}},"8":{"start":{"line":1,"column":312},"end":{"line":1,"column":337}},"9":{"start":{"line":1,"column":337},"end":{"line":1,"column":393}},"10":{"start":{"line":1,"column":395},"end":{"line":1,"column":590}},"11":{"start":{"line":1,"column":447},"end":{"line":1,"column":512}},"12":{"start":{"line":1,"column":461},"end":{"line":1,"column":512}},"13":{"start":{"line":1,"column":512},"end":{"line":1,"column":569}},"14":{"start":{"line":1,"column":527},"end":{"line":1,"column":569}},"15":{"start":{"line":1,"column":569},"end":{"line":1,"column":588}},"16":{"start":{"line":7,"column":11},"end":{"line":7,"column":27}},"17":{"start":{"line":7,"column":40},"end":{"line":7,"column":70}},"18":{"start":{"line":8,"column":17},"end":{"line":8,"column":40}},"19":{"start":{"line":15,"column":14},"end":{"line":15,"column":36}},"20":{"start":{"line":15,"column":52},"end":{"line":15,"column":85}},"21":{"start":{"line":16,"column":21},"end":{"line":16,"column":57}},"22":{"start":{"line":16,"column":80},"end":{"line":16,"column":120}},"23":{"start":{"line":16,"column":158},"end":{"line":16,"column":203}},"24":{"start":{"line":16,"column":251},"end":{"line":16,"column":348}},"25":{"start":{"line":16,"column":290},"end":{"line":16,"column":347}},"26":{"start":{"line":16,"column":396},"end":{"line":16,"column":493}},"27":{"start":{"line":16,"column":406},"end":{"line":16,"column":492}},"28":{"start":{"line":16,"column":493},"end":{"line":16,"column":567}},"29":{"start":{"line":16,"column":608},"end":{"line":16,"column":761}},"30":{"start":{"line":16,"column":662},"end":{"line":16,"column":760}},"31":{"start":{"line":16,"column":761},"end":{"line":16,"column":908}},"32":{"start":{"line":16,"column":908},"end":{"line":16,"column":1017}},"33":{"start":{"line":16,"column":922},"end":{"line":16,"column":1017}},"34":{"start":{"line":18,"column":18},"end":{"line":49,"column":49}},"35":{"start":{"line":18,"column":39},"end":{"line":18,"column":79}},"36":{"start":{"line":20,"column":34},"end":{"line":20,"column":74}},"37":{"start":{"line":20,"column":84},"end":{"line":21,"column":7}},"38":{"start":{"line":22,"column":0},"end":{"line":25,"column":19}},"39":{"start":{"line":25,"column":19},"end":{"line":25,"column":32}},"40":{"start":{"line":27,"column":1},"end":{"line":49,"column":5}},"41":{"start":{"line":29,"column":12},"end":{"line":29,"column":16}},"42":{"start":{"line":31,"column":0},"end":{"line":38,"column":3}},"43":{"start":{"line":33,"column":0},"end":{"line":37,"column":1}},"44":{"start":{"line":34,"column":0},"end":{"line":34,"column":38}},"45":{"start":{"line":35,"column":0},"end":{"line":35,"column":40}},"46":{"start":{"line":36,"column":0},"end":{"line":36,"column":44}},"47":{"start":{"line":42,"column":0},"end":{"line":47,"column":30}},"48":{"start":{"line":49,"column":5},"end":{"line":49,"column":30}},"49":{"start":{"line":49,"column":50},"end":{"line":49,"column":84}},"50":{"start":{"line":52,"column":0},"end":{"line":55,"column":55}},"51":{"start":{"line":58,"column":11},"end":{"line":70,"column":19}}},"fnMap":{"1":{"name":"(anonymous_1)","decl":{"start":{"line":1,"column":101},"end":{"line":1,"column":102}},"loc":{"start":{"line":1,"column":111},"end":{"line":1,"column":591}}},"2":{"name":"defineProperties","decl":{"start":{"line":1,"column":121},"end":{"line":1,"column":137}},"loc":{"start":{"line":1,"column":151},"end":{"line":1,"column":395}}},"3":{"name":"(anonymous_3)","decl":{"start":{"line":1,"column":402},"end":{"line":1,"column":403}},"loc":{"start":{"line":1,"column":446},"end":{"line":1,"column":589}}},"4":{"name":"_interopRequireDefault","decl":{"start":{"line":16,"column":130},"end":{"line":16,"column":152}},"loc":{"start":{"line":16,"column":157},"end":{"line":16,"column":204}}},"5":{"name":"_classCallCheck","decl":{"start":{"line":16,"column":213},"end":{"line":16,"column":228}},"loc":{"start":{"line":16,"column":250},"end":{"line":16,"column":349}}},"6":{"name":"_possibleConstructorReturn","decl":{"start":{"line":16,"column":358},"end":{"line":16,"column":384}},"loc":{"start":{"line":16,"column":395},"end":{"line":16,"column":568}}},"7":{"name":"_inherits","decl":{"start":{"line":16,"column":577},"end":{"line":16,"column":586}},"loc":{"start":{"line":16,"column":607},"end":{"line":16,"column":1018}}},"8":{"name":"(anonymous_8)","decl":{"start":{"line":18,"column":18},"end":{"line":18,"column":19}},"loc":{"start":{"line":18,"column":38},"end":{"line":49,"column":31}}},"9":{"name":"LocationContainer","decl":{"start":{"line":20,"column":9},"end":{"line":20,"column":26}},"loc":{"start":{"line":20,"column":33},"end":{"line":27,"column":1}}},"10":{"name":"componentDidMount","decl":{"start":{"line":27,"column":73},"end":{"line":27,"column":90}},"loc":{"start":{"line":29,"column":0},"end":{"line":39,"column":1}}},"11":{"name":"(anonymous_11)","decl":{"start":{"line":32,"column":5},"end":{"line":32,"column":6}},"loc":{"start":{"line":32,"column":23},"end":{"line":38,"column":1}}},"12":{"name":"render","decl":{"start":{"line":39,"column":32},"end":{"line":39,"column":38}},"loc":{"start":{"line":41,"column":0},"end":{"line":49,"column":1}}}},"branchMap":{"1":{"loc":{"start":{"line":1,"column":230},"end":{"line":1,"column":258}},"type":"binary-expr","locations":[{"start":{"line":1,"column":230},"end":{"line":1,"column":251}},{"start":{"line":1,"column":253},"end":{"line":1,"column":258}}]},"2":{"loc":{"start":{"line":1,"column":288},"end":{"line":1,"column":337}},"type":"if","locations":[{"start":{"line":1,"column":288},"end":{"line":1,"column":337}},{"start":{"line":1,"column":288},"end":{"line":1,"column":337}}]},"3":{"loc":{"start":{"line":1,"column":447},"end":{"line":1,"column":512}},"type":"if","locations":[{"start":{"line":1,"column":447},"end":{"line":1,"column":512}},{"start":{"line":1,"column":447},"end":{"line":1,"column":512}}]},"4":{"loc":{"start":{"line":1,"column":512},"end":{"line":1,"column":569}},"type":"if","locations":[{"start":{"line":1,"column":512},"end":{"line":1,"column":569}},{"start":{"line":1,"column":512},"end":{"line":1,"column":569}}]},"5":{"loc":{"start":{"line":16,"column":165},"end":{"line":16,"column":202}},"type":"cond-expr","locations":[{"start":{"line":16,"column":185},"end":{"line":16,"column":188}},{"start":{"line":16,"column":189},"end":{"line":16,"column":202}}]},"6":{"loc":{"start":{"line":16,"column":165},"end":{"line":16,"column":184}},"type":"binary-expr","locations":[{"start":{"line":16,"column":165},"end":{"line":16,"column":168}},{"start":{"line":16,"column":170},"end":{"line":16,"column":184}}]},"7":{"loc":{"start":{"line":16,"column":251},"end":{"line":16,"column":348}},"type":"if","locations":[{"start":{"line":16,"column":251},"end":{"line":16,"column":348}},{"start":{"line":16,"column":251},"end":{"line":16,"column":348}}]},"8":{"loc":{"start":{"line":16,"column":396},"end":{"line":16,"column":493}},"type":"if","locations":[{"start":{"line":16,"column":396},"end":{"line":16,"column":493}},{"start":{"line":16,"column":396},"end":{"line":16,"column":493}}]},"9":{"loc":{"start":{"line":16,"column":500},"end":{"line":16,"column":566}},"type":"cond-expr","locations":[{"start":{"line":16,"column":557},"end":{"line":16,"column":561}},{"start":{"line":16,"column":562},"end":{"line":16,"column":566}}]},"10":{"loc":{"start":{"line":16,"column":500},"end":{"line":16,"column":556}},"type":"binary-expr","locations":[{"start":{"line":16,"column":500},"end":{"line":16,"column":504}},{"start":{"line":16,"column":507},"end":{"line":16,"column":529}},{"start":{"line":16,"column":531},"end":{"line":16,"column":555}}]},"11":{"loc":{"start":{"line":16,"column":608},"end":{"line":16,"column":761}},"type":"if","locations":[{"start":{"line":16,"column":608},"end":{"line":16,"column":761}},{"start":{"line":16,"column":608},"end":{"line":16,"column":761}}]},"12":{"loc":{"start":{"line":16,"column":611},"end":{"line":16,"column":660}},"type":"binary-expr","locations":[{"start":{"line":16,"column":611},"end":{"line":16,"column":641}},{"start":{"line":16,"column":643},"end":{"line":16,"column":660}}]},"13":{"loc":{"start":{"line":16,"column":794},"end":{"line":16,"column":826}},"type":"binary-expr","locations":[{"start":{"line":16,"column":794},"end":{"line":16,"column":804}},{"start":{"line":16,"column":806},"end":{"line":16,"column":826}}]},"14":{"loc":{"start":{"line":16,"column":908},"end":{"line":16,"column":1017}},"type":"if","locations":[{"start":{"line":16,"column":908},"end":{"line":16,"column":1017}},{"start":{"line":16,"column":908},"end":{"line":16,"column":1017}}]},"15":{"loc":{"start":{"line":16,"column":922},"end":{"line":16,"column":1016}},"type":"cond-expr","locations":[{"start":{"line":16,"column":944},"end":{"line":16,"column":986}},{"start":{"line":16,"column":987},"end":{"line":16,"column":1016}}]},"16":{"loc":{"start":{"line":33,"column":0},"end":{"line":37,"column":1}},"type":"if","locations":[{"start":{"line":33,"column":0},"end":{"line":37,"column":1}},{"start":{"line":33,"column":0},"end":{"line":37,"column":1}}]}},"s":{"1":1,"2":1,"3":1,"4":2,"5":2,"6":2,"7":2,"8":2,"9":2,"10":1,"11":1,"12":1,"13":1,"14":0,"15":1,"16":1,"17":1,"18":1,"19":1,"20":1,"21":1,"22":1,"23":3,"24":1,"25":0,"26":1,"27":0,"28":1,"29":1,"30":0,"31":1,"32":1,"33":1,"34":1,"35":1,"36":1,"37":1,"38":1,"39":1,"40":1,"41":1,"42":1,"43":1,"44":1,"45":1,"46":1,"47":4,"48":1,"49":1,"50":1,"51":1},"f":{"1":1,"2":1,"3":1,"4":3,"5":1,"6":1,"7":1,"8":1,"9":1,"10":1,"11":1,"12":4},"b":{"1":[2,2],"2":[2,0],"3":[1,0],"4":[0,1],"5":[2,1],"6":[3,3],"7":[0,1],"8":[0,1],"9":[0,1],"10":[1,0,0],"11":[0,1],"12":[1,0],"13":[1,1],"14":[1,0],"15":[1,0],"16":[1,0]},"hash":"ebf1e09a02e9676102fa7089bd9e97335d34e991","l":{"1":2,"7":1,"8":1,"15":1,"16":3,"18":1,"20":1,"22":1,"25":1,"27":1,"29":1,"31":1,"33":1,"34":1,"35":1,"36":1,"42":4,"49":1,"52":1,"58":1}}}
