{
"/Users/adamwysocki/projects/whereami/app/api/getBaseLocation.js":{"path":"/Users/adamwysocki/projects/whereami/app/api/getBaseLocation.js","statementMap":{"1":{"start":{"line":1,"column":13},"end":{"line":1,"column":70}},"2":{"start":{"line":1,"column":70},"end":{"line":3,"column":16}},"3":{"start":{"line":5,"column":0},"end":{"line":28,"column":3}},"4":{"start":{"line":6,"column":9},"end":{"line":6,"column":11}},"5":{"start":{"line":6,"column":18},"end":{"line":6,"column":20}},"6":{"start":{"line":6,"column":29},"end":{"line":6,"column":31}},"7":{"start":{"line":7,"column":8},"end":{"line":8,"column":38}},"8":{"start":{"line":10,"column":0},"end":{"line":27,"column":3}},"9":{"start":{"line":11,"column":24},"end":{"line":11,"column":47}},"10":{"start":{"line":13,"column":0},"end":{"line":22,"column":1}},"11":{"start":{"line":15,"column":0},"end":{"line":15,"column":27}},"12":{"start":{"line":16,"column":0},"end":{"line":16,"column":29}},"13":{"start":{"line":17,"column":0},"end":{"line":17,"column":33}},"14":{"start":{"line":18,"column":0},"end":{"line":18,"column":49}},"15":{"start":{"line":21,"column":0},"end":{"line":21,"column":38}},"16":{"start":{"line":26,"column":0},"end":{"line":26,"column":33}},"17":{"start":{"line":33,"column":0},"end":{"line":33,"column":63}},"18":{"start":{"line":37,"column":0},"end":{"line":37,"column":63}},"19":{"start":{"line":41,"column":0},"end":{"line":41,"column":64}}},"fnMap":{"1":{"name":"getBaseLocation","decl":{"start":{"line":3,"column":25},"end":{"line":3,"column":40}},"loc":{"start":{"line":3,"column":60},"end":{"line":30,"column":1}}},"2":{"name":"(anonymous_2)","decl":{"start":{"line":5,"column":19},"end":{"line":5,"column":20}},"loc":{"start":{"line":5,"column":36},"end":{"line":28,"column":1}}},"3":{"name":"(anonymous_3)","decl":{"start":{"line":11,"column":5},"end":{"line":11,"column":6}},"loc":{"start":{"line":11,"column":23},"end":{"line":11,"column":48}}},"4":{"name":"(anonymous_4)","decl":{"start":{"line":12,"column":5},"end":{"line":12,"column":6}},"loc":{"start":{"line":12,"column":27},"end":{"line":23,"column":1}}},"5":{"name":"(anonymous_5)","decl":{"start":{"line":24,"column":6},"end":{"line":24,"column":7}},"loc":{"start":{"line":24,"column":21},"end":{"line":27,"column":1}}},"6":{"name":"getCity","decl":{"start":{"line":32,"column":9},"end":{"line":32,"column":16}},"loc":{"start":{"line":32,"column":30},"end":{"line":34,"column":1}}},"7":{"name":"getState","decl":{"start":{"line":36,"column":9},"end":{"line":36,"column":17}},"loc":{"start":{"line":36,"column":31},"end":{"line":38,"column":1}}},"8":{"name":"getCountry","decl":{"start":{"line":40,"column":9},"end":{"line":40,"column":19}},"loc":{"start":{"line":40,"column":33},"end":{"line":42,"column":1}}}},"branchMap":{"1":{"loc":{"start":{"line":13,"column":0},"end":{"line":22,"column":1}},"type":"if","locations":[{"start":{"line":13,"column":0},"end":{"line":22,"column":1}},{"start":{"line":13,"column":0},"end":{"line":22,"column":1}}]}},"s":{"1":3,"2":3,"3":4,"4":4,"5":4,"6":4,"7":4,"8":4,"9":3,"10":3,"11":2,"12":2,"13":2,"14":2,"15":1,"16":1,"17":2,"18":2,"19":2},"f":{"1":4,"2":4,"3":3,"4":3,"5":1,"6":2,"7":2,"8":2},"b":{"1":[2,1]},"hash":"0c65312326861d18a3fa5c4effd6c9d5bc771be2","l":{"1":3,"5":4,"6":4,"7":4,"10":4,"11":3,"13":3,"15":2,"16":2,"17":2,"18":2,"21":1,"26":1,"33":2,"37":2,"41":2}},
"/Users/adamwysocki/projects/whereami/app/components/button/index.js":{"path":"/Users/adamwysocki/projects/whereami/app/components/button/index.js","statementMap":{"1":{"start":{"line":1,"column":13},"end":{"line":1,"column":70}},"2":{"start":{"line":7,"column":11},"end":{"line":7,"column":27}},"3":{"start":{"line":7,"column":40},"end":{"line":7,"column":70}},"4":{"start":{"line":8,"column":17},"end":{"line":8,"column":40}},"5":{"start":{"line":14,"column":12},"end":{"line":14,"column":31}},"6":{"start":{"line":14,"column":45},"end":{"line":14,"column":76}},"7":{"start":{"line":14,"column":114},"end":{"line":14,"column":159}},"8":{"start":{"line":16,"column":11},"end":{"line":19,"column":93}},"9":{"start":{"line":16,"column":46},"end":{"line":16,"column":59}},"10":{"start":{"line":16,"column":72},"end":{"line":16,"column":84}},"11":{"start":{"line":16,"column":85},"end":{"line":19,"column":92}},"12":{"start":{"line":19,"column":94},"end":{"line":24,"column":7}},"13":{"start":{"line":26,"column":0},"end":{"line":27,"column":51}}},"fnMap":{"1":{"name":"_interopRequireDefault","decl":{"start":{"line":14,"column":86},"end":{"line":14,"column":108}},"loc":{"start":{"line":14,"column":113},"end":{"line":14,"column":160}}},"2":{"name":"Button","decl":{"start":{"line":16,"column":20},"end":{"line":16,"column":26}},"loc":{"start":{"line":16,"column":32},"end":{"line":19,"column":93}}}},"branchMap":{"1":{"loc":{"start":{"line":14,"column":121},"end":{"line":14,"column":158}},"type":"cond-expr","locations":[{"start":{"line":14,"column":141},"end":{"line":14,"column":144}},{"start":{"line":14,"column":145},"end":{"line":14,"column":158}}]},"2":{"loc":{"start":{"line":14,"column":121},"end":{"line":14,"column":140}},"type":"binary-expr","locations":[{"start":{"line":14,"column":121},"end":{"line":14,"column":124}},{"start":{"line":14,"column":126},"end":{"line":14,"column":140}}]}},"s":{"1":4,"2":4,"3":4,"4":4,"5":4,"6":4,"7":8,"8":4,"9":6,"10":6,"11":6,"12":4,"13":4},"f":{"1":8,"2":6},"b":{"1":[4,4],"2":[8,8]},"hash":"0ed967a494e7fbb57a53083c2960dfb700aa5c05","l":{"1":4,"7":4,"8":4,"14":8,"16":6,"19":4,"26":4}},
"/Users/adamwysocki/projects/whereami/app/components/button/styles.js":{"path":"/Users/adamwysocki/projects/whereami/app/components/button/styles.js","statementMap":{"1":{"start":{"line":1,"column":13},"end":{"line":1,"column":70}},"2":{"start":{"line":7,"column":17},"end":{"line":7,"column":40}},"3":{"start":{"line":7,"column":41},"end":{"line":21,"column":20}}},"fnMap":{},"branchMap":{},"s":{"1":4,"2":4,"3":4},"f":{},"b":{},"hash":"265f71967e8d4b610c6c5c68ff612bd3b816bb89","l":{"1":4,"7":4}},
"/Users/adamwysocki/projects/whereami/app/components/location/index.js":{"path":"/Users/adamwysocki/projects/whereami/app/components/location/index.js","statementMap":{"1":{"start":{"line":1,"column":13},"end":{"line":1,"column":70}},"2":{"start":{"line":1,"column":87},"end":{"line":1,"column":579}},"3":{"start":{"line":1,"column":138},"end":{"line":1,"column":380}},"4":{"start":{"line":1,"column":185},"end":{"line":1,"column":193}},"5":{"start":{"line":1,"column":194},"end":{"line":1,"column":245}},"6":{"start":{"line":1,"column":245},"end":{"line":1,"column":274}},"7":{"start":{"line":1,"column":274},"end":{"line":1,"column":323}},"8":{"start":{"line":1,"column":298},"end":{"line":1,"column":323}},"9":{"start":{"line":1,"column":323},"end":{"line":1,"column":379}},"10":{"start":{"line":1,"column":381},"end":{"line":1,"column":576}},"11":{"start":{"line":1,"column":433},"end":{"line":1,"column":498}},"12":{"start":{"line":1,"column":447},"end":{"line":1,"column":498}},"13":{"start":{"line":1,"column":498},"end":{"line":1,"column":555}},"14":{"start":{"line":1,"column":513},"end":{"line":1,"column":555}},"15":{"start":{"line":1,"column":555},"end":{"line":1,"column":574}},"16":{"start":{"line":7,"column":11},"end":{"line":7,"column":27}},"17":{"start":{"line":7,"column":40},"end":{"line":7,"column":70}},"18":{"start":{"line":8,"column":17},"end":{"line":8,"column":40}},"19":{"start":{"line":10,"column":12},"end":{"line":10,"column":32}},"20":{"start":{"line":10,"column":46},"end":{"line":10,"column":77}},"21":{"start":{"line":11,"column":12},"end":{"line":11,"column":31}},"22":{"start":{"line":11,"column":45},"end":{"line":11,"column":76}},"23":{"start":{"line":11,"column":114},"end":{"line":11,"column":159}},"24":{"start":{"line":11,"column":207},"end":{"line":11,"column":304}},"25":{"start":{"line":11,"column":246},"end":{"line":11,"column":303}},"26":{"start":{"line":11,"column":352},"end":{"line":11,"column":449}},"27":{"start":{"line":11,"column":362},"end":{"line":11,"column":448}},"28":{"start":{"line":11,"column":449},"end":{"line":11,"column":523}},"29":{"start":{"line":11,"column":564},"end":{"line":11,"column":717}},"30":{"start":{"line":11,"column":618},"end":{"line":11,"column":716}},"31":{"start":{"line":11,"column":717},"end":{"line":11,"column":864}},"32":{"start":{"line":11,"column":864},"end":{"line":11,"column":973}},"33":{"start":{"line":11,"column":878},"end":{"line":11,"column":973}},"34":{"start":{"line":13,"column":9},"end":{"line":26,"column":40}},"35":{"start":{"line":13,"column":30},"end":{"line":13,"column":61}},"36":{"start":{"line":15,"column":25},"end":{"line":15,"column":56}},"37":{"start":{"line":15,"column":56},"end":{"line":16,"column":8}},"38":{"start":{"line":17,"column":1},"end":{"line":26,"column":5}},"39":{"start":{"line":20,"column":0},"end":{"line":23,"column":87}},"40":{"start":{"line":26,"column":5},"end":{"line":26,"column":21}},"41":{"start":{"line":26,"column":41},"end":{"line":26,"column":66}},"42":{"start":{"line":29,"column":0},"end":{"line":33,"column":51}}},"fnMap":{"1":{"name":"(anonymous_1)","decl":{"start":{"line":1,"column":87},"end":{"line":1,"column":88}},"loc":{"start":{"line":1,"column":97},"end":{"line":1,"column":577}}},"2":{"name":"defineProperties","decl":{"start":{"line":1,"column":107},"end":{"line":1,"column":123}},"loc":{"start":{"line":1,"column":137},"end":{"line":1,"column":381}}},"3":{"name":"(anonymous_3)","decl":{"start":{"line":1,"column":388},"end":{"line":1,"column":389}},"loc":{"start":{"line":1,"column":432},"end":{"line":1,"column":575}}},"4":{"name":"_interopRequireDefault","decl":{"start":{"line":11,"column":86},"end":{"line":11,"column":108}},"loc":{"start":{"line":11,"column":113},"end":{"line":11,"column":160}}},"5":{"name":"_classCallCheck","decl":{"start":{"line":11,"column":169},"end":{"line":11,"column":184}},"loc":{"start":{"line":11,"column":206},"end":{"line":11,"column":305}}},"6":{"name":"_possibleConstructorReturn","decl":{"start":{"line":11,"column":314},"end":{"line":11,"column":340}},"loc":{"start":{"line":11,"column":351},"end":{"line":11,"column":524}}},"7":{"name":"_inherits","decl":{"start":{"line":11,"column":533},"end":{"line":11,"column":542}},"loc":{"start":{"line":11,"column":563},"end":{"line":11,"column":974}}},"8":{"name":"(anonymous_8)","decl":{"start":{"line":13,"column":9},"end":{"line":13,"column":10}},"loc":{"start":{"line":13,"column":29},"end":{"line":26,"column":22}}},"9":{"name":"Location","decl":{"start":{"line":15,"column":9},"end":{"line":15,"column":17}},"loc":{"start":{"line":15,"column":24},"end":{"line":17,"column":1}}},"10":{"name":"render","decl":{"start":{"line":17,"column":53},"end":{"line":17,"column":59}},"loc":{"start":{"line":19,"column":0},"end":{"line":26,"column":1}}}},"branchMap":{"1":{"loc":{"start":{"line":1,"column":216},"end":{"line":1,"column":244}},"type":"binary-expr","locations":[{"start":{"line":1,"column":216},"end":{"line":1,"column":237}},{"start":{"line":1,"column":239},"end":{"line":1,"column":244}}]},"2":{"loc":{"start":{"line":1,"column":274},"end":{"line":1,"column":323}},"type":"if","locations":[{"start":{"line":1,"column":274},"end":{"line":1,"column":323}},{"start":{"line":1,"column":274},"end":{"line":1,"column":323}}]},"3":{"loc":{"start":{"line":1,"column":433},"end":{"line":1,"column":498}},"type":"if","locations":[{"start":{"line":1,"column":433},"end":{"line":1,"column":498}},{"start":{"line":1,"column":433},"end":{"line":1,"column":498}}]},"4":{"loc":{"start":{"line":1,"column":498},"end":{"line":1,"column":555}},"type":"if","locations":[{"start":{"line":1,"column":498},"end":{"line":1,"column":555}},{"start":{"line":1,"column":498},"end":{"line":1,"column":555}}]},"5":{"loc":{"start":{"line":11,"column":121},"end":{"line":11,"column":158}},"type":"cond-expr","locations":[{"start":{"line":11,"column":141},"end":{"line":11,"column":144}},{"start":{"line":11,"column":145},"end":{"line":11,"column":158}}]},"6":{"loc":{"start":{"line":11,"column":121},"end":{"line":11,"column":140}},"type":"binary-expr","locations":[{"start":{"line":11,"column":121},"end":{"line":11,"column":124}},{"start":{"line":11,"column":126},"end":{"line":11,"column":140}}]},"7":{"loc":{"start":{"line":11,"column":207},"end":{"line":11,"column":304}},"type":"if","locations":[{"start":{"line":11,"column":207},"end":{"line":11,"column":304}},{"start":{"line":11,"column":207},"end":{"line":11,"column":304}}]},"8":{"loc":{"start":{"line":11,"column":352},"end":{"line":11,"column":449}},"type":"if","locations":[{"start":{"line":11,"column":352},"end":{"line":11,"column":449}},{"start":{"line":11,"column":352},"end":{"line":11,"column":449}}]},"9":{"loc":{"start":{"line":11,"column":456},"end":{"line":11,"column":522}},"type":"cond-expr","locations":[{"start":{"line":11,"column":513},"end":{"line":11,"column":517}},{"start":{"line":11,"column":518},"end":{"line":11,"column":522}}]},"10":{"loc":{"start":{"line":11,"column":456},"end":{"line":11,"column":512}},"type":"binary-expr","locations":[{"start":{"line":11,"column":456},"end":{"line":11,"column":460}},{"start":{"line":11,"column":463},"end":{"line":11,"column":485}},{"start":{"line":11,"column":487},"end":{"line":11,"column":511}}]},"11":{"loc":{"start":{"line":11,"column":564},"end":{"line":11,"column":717}},"type":"if","locations":[{"start":{"line":11,"column":564},"end":{"line":11,"column":717}},{"start":{"line":11,"column":564},"end":{"line":11,"column":717}}]},"12":{"loc":{"start":{"line":11,"column":567},"end":{"line":11,"column":616}},"type":"binary-expr","locations":[{"start":{"line":11,"column":567},"end":{"line":11,"column":597}},{"start":{"line":11,"column":599},"end":{"line":11,"column":616}}]},"13":{"loc":{"start":{"line":11,"column":750},"end":{"line":11,"column":782}},"type":"binary-expr","locations":[{"start":{"line":11,"column":750},"end":{"line":11,"column":760}},{"start":{"line":11,"column":762},"end":{"line":11,"column":782}}]},"14":{"loc":{"start":{"line":11,"column":864},"end":{"line":11,"column":973}},"type":"if","locations":[{"start":{"line":11,"column":864},"end":{"line":11,"column":973}},{"start":{"line":11,"column":864},"end":{"line":11,"column":973}}]},"15":{"loc":{"start":{"line":11,"column":878},"end":{"line":11,"column":972}},"type":"cond-expr","locations":[{"start":{"line":11,"column":900},"end":{"line":11,"column":942}},{"start":{"line":11,"column":943},"end":{"line":11,"column":972}}]}},"s":{"1":3,"2":3,"3":3,"4":3,"5":3,"6":3,"7":3,"8":3,"9":3,"10":3,"11":3,"12":3,"13":3,"14":0,"15":3,"16":3,"17":3,"18":3,"19":3,"20":3,"21":3,"22":3,"23":9,"24":2,"25":0,"26":2,"27":0,"28":2,"29":3,"30":0,"31":3,"32":3,"33":3,"34":3,"35":3,"36":2,"37":2,"38":3,"39":5,"40":3,"41":3,"42":3},"f":{"1":3,"2":3,"3":3,"4":9,"5":2,"6":2,"7":3,"8":3,"9":2,"10":5},"b":{"1":[3,3],"2":[3,0],"3":[3,0],"4":[0,3],"5":[6,3],"6":[9,9],"7":[0,2],"8":[0,2],"9":[0,2],"10":[2,0,0],"11":[0,3],"12":[3,0],"13":[3,3],"14":[3,0],"15":[3,0]},"hash":"0f2c4d94ffdfc4907a0223b246149ba6a87a8ecd","l":{"1":3,"7":3,"8":3,"10":3,"11":9,"13":3,"15":2,"17":3,"20":5,"26":3,"29":3}},
"/Users/adamwysocki/projects/whereami/app/components/location/styles.js":{"path":"/Users/adamwysocki/projects/whereami/app/components/location/styles.js","statementMap":{"1":{"start":{"line":1,"column":13},"end":{"line":1,"column":70}},"2":{"start":{"line":7,"column":17},"end":{"line":7,"column":40}},"3":{"start":{"line":7,"column":41},"end":{"line":21,"column":15}}},"fnMap":{},"branchMap":{},"s":{"1":3,"2":3,"3":3},"f":{},"b":{},"hash":"01b998f14fe55952a64e7bf4264c9f02977734bf","l":{"1":3,"7":3}},
"/Users/adamwysocki/projects/whereami/app/components/locationContainer/index.js":{"path":"/Users/adamwysocki/projects/whereami/app/components/locationContainer/index.js","statementMap":{"1":{"start":{"line":1,"column":13},"end":{"line":1,"column":70}},"2":{"start":{"line":1,"column":87},"end":{"line":1,"column":579}},"3":{"start":{"line":1,"column":138},"end":{"line":1,"column":380}},"4":{"start":{"line":1,"column":185},"end":{"line":1,"column":193}},"5":{"start":{"line":1,"column":194},"end":{"line":1,"column":245}},"6":{"start":{"line":1,"column":245},"end":{"line":1,"column":274}},"7":{"start":{"line":1,"column":274},"end":{"line":1,"column":323}},"8":{"start":{"line":1,"column":298},"end":{"line":1,"column":323}},"9":{"start":{"line":1,"column":323},"end":{"line":1,"column":379}},"10":{"start":{"line":1,"column":381},"end":{"line":1,"column":576}},"11":{"start":{"line":1,"column":433},"end":{"line":1,"column":498}},"12":{"start":{"line":1,"column":447},"end":{"line":1,"column":498}},"13":{"start":{"line":1,"column":498},"end":{"line":1,"column":555}},"14":{"start":{"line":1,"column":513},"end":{"line":1,"column":555}},"15":{"start":{"line":1,"column":555},"end":{"line":1,"column":574}},"16":{"start":{"line":7,"column":11},"end":{"line":7,"column":27}},"17":{"start":{"line":7,"column":40},"end":{"line":7,"column":70}},"18":{"start":{"line":9,"column":14},"end":{"line":9,"column":36}},"19":{"start":{"line":9,"column":52},"end":{"line":9,"column":85}},"20":{"start":{"line":10,"column":21},"end":{"line":10,"column":57}},"21":{"start":{"line":10,"column":80},"end":{"line":10,"column":120}},"22":{"start":{"line":11,"column":12},"end":{"line":11,"column":31}},"23":{"start":{"line":11,"column":45},"end":{"line":11,"column":76}},"24":{"start":{"line":11,"column":114},"end":{"line":11,"column":159}},"25":{"start":{"line":11,"column":207},"end":{"line":11,"column":304}},"26":{"start":{"line":11,"column":246},"end":{"line":11,"column":303}},"27":{"start":{"line":11,"column":352},"end":{"line":11,"column":449}},"28":{"start":{"line":11,"column":362},"end":{"line":11,"column":448}},"29":{"start":{"line":11,"column":449},"end":{"line":11,"column":523}},"30":{"start":{"line":11,"column":564},"end":{"line":11,"column":717}},"31":{"start":{"line":11,"column":618},"end":{"line":11,"column":716}},"32":{"start":{"line":11,"column":717},"end":{"line":11,"column":864}},"33":{"start":{"line":11,"column":864},"end":{"line":11,"column":973}},"34":{"start":{"line":11,"column":878},"end":{"line":11,"column":973}},"35":{"start":{"line":13,"column":18},"end":{"line":44,"column":49}},"36":{"start":{"line":13,"column":39},"end":{"line":13,"column":79}},"37":{"start":{"line":15,"column":34},"end":{"line":15,"column":74}},"38":{"start":{"line":15,"column":84},"end":{"line":16,"column":7}},"39":{"start":{"line":17,"column":0},"end":{"line":20,"column":19}},"40":{"start":{"line":20,"column":19},"end":{"line":20,"column":32}},"41":{"start":{"line":22,"column":1},"end":{"line":44,"column":5}},"42":{"start":{"line":24,"column":12},"end":{"line":24,"column":16}},"43":{"start":{"line":26,"column":0},"end":{"line":33,"column":3}},"44":{"start":{"line":28,"column":0},"end":{"line":32,"column":1}},"45":{"start":{"line":29,"column":0},"end":{"line":29,"column":38}},"46":{"start":{"line":30,"column":0},"end":{"line":30,"column":40}},"47":{"start":{"line":31,"column":0},"end":{"line":31,"column":44}},"48":{"start":{"line":37,"column":0},"end":{"line":42,"column":30}},"49":{"start":{"line":44,"column":5},"end":{"line":44,"column":30}},"50":{"start":{"line":44,"column":50},"end":{"line":44,"column":84}},"51":{"start":{"line":47,"column":0},"end":{"line":50,"column":55}}},"fnMap":{"1":{"name":"(anonymous_1)","decl":{"start":{"line":1,"column":87},"end":{"line":1,"column":88}},"loc":{"start":{"line":1,"column":97},"end":{"line":1,"column":577}}},"2":{"name":"defineProperties","decl":{"start":{"line":1,"column":107},"end":{"line":1,"column":123}},"loc":{"start":{"line":1,"column":137},"end":{"line":1,"column":381}}},"3":{"name":"(anonymous_3)","decl":{"start":{"line":1,"column":388},"end":{"line":1,"column":389}},"loc":{"start":{"line":1,"column":432},"end":{"line":1,"column":575}}},"4":{"name":"_interopRequireDefault","decl":{"start":{"line":11,"column":86},"end":{"line":11,"column":108}},"loc":{"start":{"line":11,"column":113},"end":{"line":11,"column":160}}},"5":{"name":"_classCallCheck","decl":{"start":{"line":11,"column":169},"end":{"line":11,"column":184}},"loc":{"start":{"line":11,"column":206},"end":{"line":11,"column":305}}},"6":{"name":"_possibleConstructorReturn","decl":{"start":{"line":11,"column":314},"end":{"line":11,"column":340}},"loc":{"start":{"line":11,"column":351},"end":{"line":11,"column":524}}},"7":{"name":"_inherits","decl":{"start":{"line":11,"column":533},"end":{"line":11,"column":542}},"loc":{"start":{"line":11,"column":563},"end":{"line":11,"column":974}}},"8":{"name":"(anonymous_8)","decl":{"start":{"line":13,"column":18},"end":{"line":13,"column":19}},"loc":{"start":{"line":13,"column":38},"end":{"line":44,"column":31}}},"9":{"name":"LocationContainer","decl":{"start":{"line":15,"column":9},"end":{"line":15,"column":26}},"loc":{"start":{"line":15,"column":33},"end":{"line":22,"column":1}}},"10":{"name":"componentDidMount","decl":{"start":{"line":22,"column":73},"end":{"line":22,"column":90}},"loc":{"start":{"line":24,"column":0},"end":{"line":34,"column":1}}},"11":{"name":"(anonymous_11)","decl":{"start":{"line":27,"column":5},"end":{"line":27,"column":6}},"loc":{"start":{"line":27,"column":23},"end":{"line":33,"column":1}}},"12":{"name":"render","decl":{"start":{"line":34,"column":32},"end":{"line":34,"column":38}},"loc":{"start":{"line":36,"column":0},"end":{"line":44,"column":1}}}},"branchMap":{"1":{"loc":{"start":{"line":1,"column":216},"end":{"line":1,"column":244}},"type":"binary-expr","locations":[{"start":{"line":1,"column":216},"end":{"line":1,"column":237}},{"start":{"line":1,"column":239},"end":{"line":1,"column":244}}]},"2":{"loc":{"start":{"line":1,"column":274},"end":{"line":1,"column":323}},"type":"if","locations":[{"start":{"line":1,"column":274},"end":{"line":1,"column":323}},{"start":{"line":1,"column":274},"end":{"line":1,"column":323}}]},"3":{"loc":{"start":{"line":1,"column":433},"end":{"line":1,"column":498}},"type":"if","locations":[{"start":{"line":1,"column":433},"end":{"line":1,"column":498}},{"start":{"line":1,"column":433},"end":{"line":1,"column":498}}]},"4":{"loc":{"start":{"line":1,"column":498},"end":{"line":1,"column":555}},"type":"if","locations":[{"start":{"line":1,"column":498},"end":{"line":1,"column":555}},{"start":{"line":1,"column":498},"end":{"line":1,"column":555}}]},"5":{"loc":{"start":{"line":11,"column":121},"end":{"line":11,"column":158}},"type":"cond-expr","locations":[{"start":{"line":11,"column":141},"end":{"line":11,"column":144}},{"start":{"line":11,"column":145},"end":{"line":11,"column":158}}]},"6":{"loc":{"start":{"line":11,"column":121},"end":{"line":11,"column":140}},"type":"binary-expr","locations":[{"start":{"line":11,"column":121},"end":{"line":11,"column":124}},{"start":{"line":11,"column":126},"end":{"line":11,"column":140}}]},"7":{"loc":{"start":{"line":11,"column":207},"end":{"line":11,"column":304}},"type":"if","locations":[{"start":{"line":11,"column":207},"end":{"line":11,"column":304}},{"start":{"line":11,"column":207},"end":{"line":11,"column":304}}]},"8":{"loc":{"start":{"line":11,"column":352},"end":{"line":11,"column":449}},"type":"if","locations":[{"start":{"line":11,"column":352},"end":{"line":11,"column":449}},{"start":{"line":11,"column":352},"end":{"line":11,"column":449}}]},"9":{"loc":{"start":{"line":11,"column":456},"end":{"line":11,"column":522}},"type":"cond-expr","locations":[{"start":{"line":11,"column":513},"end":{"line":11,"column":517}},{"start":{"line":11,"column":518},"end":{"line":11,"column":522}}]},"10":{"loc":{"start":{"line":11,"column":456},"end":{"line":11,"column":512}},"type":"binary-expr","locations":[{"start":{"line":11,"column":456},"end":{"line":11,"column":460}},{"start":{"line":11,"column":463},"end":{"line":11,"column":485}},{"start":{"line":11,"column":487},"end":{"line":11,"column":511}}]},"11":{"loc":{"start":{"line":11,"column":564},"end":{"line":11,"column":717}},"type":"if","locations":[{"start":{"line":11,"column":564},"end":{"line":11,"column":717}},{"start":{"line":11,"column":564},"end":{"line":11,"column":717}}]},"12":{"loc":{"start":{"line":11,"column":567},"end":{"line":11,"column":616}},"type":"binary-expr","locations":[{"start":{"line":11,"column":567},"end":{"line":11,"column":597}},{"start":{"line":11,"column":599},"end":{"line":11,"column":616}}]},"13":{"loc":{"start":{"line":11,"column":750},"end":{"line":11,"column":782}},"type":"binary-expr","locations":[{"start":{"line":11,"column":750},"end":{"line":11,"column":760}},{"start":{"line":11,"column":762},"end":{"line":11,"column":782}}]},"14":{"loc":{"start":{"line":11,"column":864},"end":{"line":11,"column":973}},"type":"if","locations":[{"start":{"line":11,"column":864},"end":{"line":11,"column":973}},{"start":{"line":11,"column":864},"end":{"line":11,"column":973}}]},"15":{"loc":{"start":{"line":11,"column":878},"end":{"line":11,"column":972}},"type":"cond-expr","locations":[{"start":{"line":11,"column":900},"end":{"line":11,"column":942}},{"start":{"line":11,"column":943},"end":{"line":11,"column":972}}]},"16":{"loc":{"start":{"line":28,"column":0},"end":{"line":32,"column":1}},"type":"if","locations":[{"start":{"line":28,"column":0},"end":{"line":32,"column":1}},{"start":{"line":28,"column":0},"end":{"line":32,"column":1}}]}},"s":{"1":2,"2":2,"3":2,"4":4,"5":4,"6":4,"7":4,"8":4,"9":4,"10":2,"11":2,"12":2,"13":2,"14":0,"15":2,"16":2,"17":2,"18":2,"19":2,"20":2,"21":2,"22":2,"23":2,"24":8,"25":1,"26":0,"27":1,"28":0,"29":1,"30":2,"31":0,"32":2,"33":2,"34":2,"35":2,"36":2,"37":1,"38":1,"39":1,"40":1,"41":2,"42":1,"43":1,"44":1,"45":1,"46":1,"47":1,"48":4,"49":2,"50":2,"51":2},"f":{"1":2,"2":2,"3":2,"4":8,"5":1,"6":1,"7":2,"8":2,"9":1,"10":1,"11":1,"12":4},"b":{"1":[4,4],"2":[4,0],"3":[2,0],"4":[0,2],"5":[6,2],"6":[8,8],"7":[0,1],"8":[0,1],"9":[0,1],"10":[1,0,0],"11":[0,2],"12":[2,0],"13":[2,2],"14":[2,0],"15":[2,0],"16":[1,0]},"hash":"757cf0312e49fc681c5668ec671d192b82bab6d4","l":{"1":4,"7":2,"9":2,"10":2,"11":8,"13":2,"15":1,"17":1,"20":1,"22":2,"24":1,"26":1,"28":1,"29":1,"30":1,"31":1,"37":4,"44":2,"47":2}},
"/Users/adamwysocki/projects/whereami/app/components/locationContainer/styles.js":{"path":"/Users/adamwysocki/projects/whereami/app/components/locationContainer/styles.js","statementMap":{"1":{"start":{"line":1,"column":13},"end":{"line":1,"column":70}},"2":{"start":{"line":7,"column":17},"end":{"line":7,"column":40}},"3":{"start":{"line":7,"column":41},"end":{"line":21,"column":20}}},"fnMap":{},"branchMap":{},"s":{"1":2,"2":2,"3":2},"f":{},"b":{},"hash":"478f1ac1f051f92d000868fc9adc6ad97bfdf1fe","l":{"1":2,"7":2}},
"/Users/adamwysocki/projects/whereami/app/components/whereami/index.js":{"path":"/Users/adamwysocki/projects/whereami/app/components/whereami/index.js","statementMap":{"1":{"start":{"line":1,"column":13},"end":{"line":1,"column":70}},"2":{"start":{"line":1,"column":87},"end":{"line":1,"column":579}},"3":{"start":{"line":1,"column":138},"end":{"line":1,"column":380}},"4":{"start":{"line":1,"column":185},"end":{"line":1,"column":193}},"5":{"start":{"line":1,"column":194},"end":{"line":1,"column":245}},"6":{"start":{"line":1,"column":245},"end":{"line":1,"column":274}},"7":{"start":{"line":1,"column":274},"end":{"line":1,"column":323}},"8":{"start":{"line":1,"column":298},"end":{"line":1,"column":323}},"9":{"start":{"line":1,"column":323},"end":{"line":1,"column":379}},"10":{"start":{"line":1,"column":381},"end":{"line":1,"column":576}},"11":{"start":{"line":1,"column":433},"end":{"line":1,"column":498}},"12":{"start":{"line":1,"column":447},"end":{"line":1,"column":498}},"13":{"start":{"line":1,"column":498},"end":{"line":1,"column":555}},"14":{"start":{"line":1,"column":513},"end":{"line":1,"column":555}},"15":{"start":{"line":1,"column":555},"end":{"line":1,"column":574}},"16":{"start":{"line":9,"column":11},"end":{"line":9,"column":27}},"17":{"start":{"line":9,"column":40},"end":{"line":9,"column":70}},"18":{"start":{"line":10,"column":17},"end":{"line":10,"column":40}},"19":{"start":{"line":13,"column":12},"end":{"line":13,"column":32}},"20":{"start":{"line":13,"column":46},"end":{"line":13,"column":77}},"21":{"start":{"line":14,"column":23},"end":{"line":14,"column":54}},"22":{"start":{"line":14,"column":79},"end":{"line":14,"column":121}},"23":{"start":{"line":15,"column":12},"end":{"line":15,"column":31}},"24":{"start":{"line":15,"column":45},"end":{"line":15,"column":76}},"25":{"start":{"line":15,"column":114},"end":{"line":15,"column":159}},"26":{"start":{"line":15,"column":207},"end":{"line":15,"column":304}},"27":{"start":{"line":15,"column":246},"end":{"line":15,"column":303}},"28":{"start":{"line":15,"column":352},"end":{"line":15,"column":449}},"29":{"start":{"line":15,"column":362},"end":{"line":15,"column":448}},"30":{"start":{"line":15,"column":449},"end":{"line":15,"column":523}},"31":{"start":{"line":15,"column":564},"end":{"line":15,"column":717}},"32":{"start":{"line":15,"column":618},"end":{"line":15,"column":716}},"33":{"start":{"line":15,"column":717},"end":{"line":15,"column":864}},"34":{"start":{"line":15,"column":864},"end":{"line":15,"column":973}},"35":{"start":{"line":15,"column":878},"end":{"line":15,"column":973}},"36":{"start":{"line":17,"column":9},"end":{"line":94,"column":40}},"37":{"start":{"line":17,"column":30},"end":{"line":17,"column":61}},"38":{"start":{"line":19,"column":25},"end":{"line":19,"column":56}},"39":{"start":{"line":19,"column":66},"end":{"line":20,"column":7}},"40":{"start":{"line":22,"column":0},"end":{"line":27,"column":30}},"41":{"start":{"line":27,"column":30},"end":{"line":27,"column":43}},"42":{"start":{"line":29,"column":1},"end":{"line":94,"column":5}},"43":{"start":{"line":33,"column":0},"end":{"line":33,"column":23}},"44":{"start":{"line":38,"column":0},"end":{"line":46,"column":34}},"45":{"start":{"line":44,"column":1},"end":{"line":44,"column":102}},"46":{"start":{"line":52,"column":12},"end":{"line":52,"column":16}},"47":{"start":{"line":53,"column":0},"end":{"line":61,"column":57}},"48":{"start":{"line":55,"column":20},"end":{"line":55,"column":44}},"49":{"start":{"line":56,"column":0},"end":{"line":56,"column":53}},"50":{"start":{"line":57,"column":0},"end":{"line":57,"column":55}},"51":{"start":{"line":58,"column":0},"end":{"line":58,"column":51}},"52":{"start":{"line":60,"column":16},"end":{"line":60,"column":44}},"53":{"start":{"line":67,"column":0},"end":{"line":67,"column":45}},"54":{"start":{"line":74,"column":0},"end":{"line":81,"column":1}},"55":{"start":{"line":75,"column":0},"end":{"line":78,"column":40}},"56":{"start":{"line":80,"column":0},"end":{"line":80,"column":119}},"57":{"start":{"line":83,"column":0},"end":{"line":91,"column":38}},"58":{"start":{"line":86,"column":50},"end":{"line":88,"column":19}},"59":{"start":{"line":94,"column":5},"end":{"line":94,"column":21}},"60":{"start":{"line":94,"column":41},"end":{"line":94,"column":66}}},"fnMap":{"1":{"name":"(anonymous_1)","decl":{"start":{"line":1,"column":87},"end":{"line":1,"column":88}},"loc":{"start":{"line":1,"column":97},"end":{"line":1,"column":577}}},"2":{"name":"defineProperties","decl":{"start":{"line":1,"column":107},"end":{"line":1,"column":123}},"loc":{"start":{"line":1,"column":137},"end":{"line":1,"column":381}}},"3":{"name":"(anonymous_3)","decl":{"start":{"line":1,"column":388},"end":{"line":1,"column":389}},"loc":{"start":{"line":1,"column":432},"end":{"line":1,"column":575}}},"4":{"name":"_interopRequireDefault","decl":{"start":{"line":15,"column":86},"end":{"line":15,"column":108}},"loc":{"start":{"line":15,"column":113},"end":{"line":15,"column":160}}},"5":{"name":"_classCallCheck","decl":{"start":{"line":15,"column":169},"end":{"line":15,"column":184}},"loc":{"start":{"line":15,"column":206},"end":{"line":15,"column":305}}},"6":{"name":"_possibleConstructorReturn","decl":{"start":{"line":15,"column":314},"end":{"line":15,"column":340}},"loc":{"start":{"line":15,"column":351},"end":{"line":15,"column":524}}},"7":{"name":"_inherits","decl":{"start":{"line":15,"column":533},"end":{"line":15,"column":542}},"loc":{"start":{"line":15,"column":563},"end":{"line":15,"column":974}}},"8":{"name":"(anonymous_8)","decl":{"start":{"line":17,"column":9},"end":{"line":17,"column":10}},"loc":{"start":{"line":17,"column":29},"end":{"line":94,"column":22}}},"9":{"name":"whereami","decl":{"start":{"line":19,"column":9},"end":{"line":19,"column":17}},"loc":{"start":{"line":19,"column":24},"end":{"line":29,"column":1}}},"10":{"name":"componentDidMount","decl":{"start":{"line":29,"column":64},"end":{"line":29,"column":81}},"loc":{"start":{"line":31,"column":0},"end":{"line":34,"column":1}}},"11":{"name":"_getTopNavBar","decl":{"start":{"line":34,"column":39},"end":{"line":34,"column":52}},"loc":{"start":{"line":37,"column":0},"end":{"line":49,"column":1}}},"12":{"name":"LeftButton","decl":{"start":{"line":41,"column":20},"end":{"line":41,"column":30}},"loc":{"start":{"line":41,"column":62},"end":{"line":41,"column":64}}},"13":{"name":"RightButton","decl":{"start":{"line":42,"column":21},"end":{"line":42,"column":32}},"loc":{"start":{"line":42,"column":64},"end":{"line":42,"column":66}}},"14":{"name":"Title","decl":{"start":{"line":43,"column":15},"end":{"line":43,"column":20}},"loc":{"start":{"line":44,"column":0},"end":{"line":44,"column":103}}},"15":{"name":"_updateLocation","decl":{"start":{"line":49,"column":41},"end":{"line":49,"column":56}},"loc":{"start":{"line":52,"column":0},"end":{"line":63,"column":1}}},"16":{"name":"(anonymous_16)","decl":{"start":{"line":54,"column":0},"end":{"line":54,"column":1}},"loc":{"start":{"line":54,"column":18},"end":{"line":59,"column":1}}},"17":{"name":"(anonymous_17)","decl":{"start":{"line":60,"column":0},"end":{"line":60,"column":1}},"loc":{"start":{"line":60,"column":15},"end":{"line":60,"column":45}}},"18":{"name":"_wherePressed","decl":{"start":{"line":63,"column":39},"end":{"line":63,"column":52}},"loc":{"start":{"line":66,"column":0},"end":{"line":68,"column":1}}},"19":{"name":"render","decl":{"start":{"line":68,"column":32},"end":{"line":68,"column":38}},"loc":{"start":{"line":70,"column":0},"end":{"line":94,"column":1}}},"20":{"name":"renderScene","decl":{"start":{"line":86,"column":21},"end":{"line":86,"column":32}},"loc":{"start":{"line":86,"column":49},"end":{"line":88,"column":20}}}},"branchMap":{"1":{"loc":{"start":{"line":1,"column":216},"end":{"line":1,"column":244}},"type":"binary-expr","locations":[{"start":{"line":1,"column":216},"end":{"line":1,"column":237}},{"start":{"line":1,"column":239},"end":{"line":1,"column":244}}]},"2":{"loc":{"start":{"line":1,"column":274},"end":{"line":1,"column":323}},"type":"if","locations":[{"start":{"line":1,"column":274},"end":{"line":1,"column":323}},{"start":{"line":1,"column":274},"end":{"line":1,"column":323}}]},"3":{"loc":{"start":{"line":1,"column":433},"end":{"line":1,"column":498}},"type":"if","locations":[{"start":{"line":1,"column":433},"end":{"line":1,"column":498}},{"start":{"line":1,"column":433},"end":{"line":1,"column":498}}]},"4":{"loc":{"start":{"line":1,"column":498},"end":{"line":1,"column":555}},"type":"if","locations":[{"start":{"line":1,"column":498},"end":{"line":1,"column":555}},{"start":{"line":1,"column":498},"end":{"line":1,"column":555}}]},"5":{"loc":{"start":{"line":15,"column":121},"end":{"line":15,"column":158}},"type":"cond-expr","locations":[{"start":{"line":15,"column":141},"end":{"line":15,"column":144}},{"start":{"line":15,"column":145},"end":{"line":15,"column":158}}]},"6":{"loc":{"start":{"line":15,"column":121},"end":{"line":15,"column":140}},"type":"binary-expr","locations":[{"start":{"line":15,"column":121},"end":{"line":15,"column":124}},{"start":{"line":15,"column":126},"end":{"line":15,"column":140}}]},"7":{"loc":{"start":{"line":15,"column":207},"end":{"line":15,"column":304}},"type":"if","locations":[{"start":{"line":15,"column":207},"end":{"line":15,"column":304}},{"start":{"line":15,"column":207},"end":{"line":15,"column":304}}]},"8":{"loc":{"start":{"line":15,"column":352},"end":{"line":15,"column":449}},"type":"if","locations":[{"start":{"line":15,"column":352},"end":{"line":15,"column":449}},{"start":{"line":15,"column":352},"end":{"line":15,"column":449}}]},"9":{"loc":{"start":{"line":15,"column":456},"end":{"line":15,"column":522}},"type":"cond-expr","locations":[{"start":{"line":15,"column":513},"end":{"line":15,"column":517}},{"start":{"line":15,"column":518},"end":{"line":15,"column":522}}]},"10":{"loc":{"start":{"line":15,"column":456},"end":{"line":15,"column":512}},"type":"binary-expr","locations":[{"start":{"line":15,"column":456},"end":{"line":15,"column":460}},{"start":{"line":15,"column":463},"end":{"line":15,"column":485}},{"start":{"line":15,"column":487},"end":{"line":15,"column":511}}]},"11":{"loc":{"start":{"line":15,"column":564},"end":{"line":15,"column":717}},"type":"if","locations":[{"start":{"line":15,"column":564},"end":{"line":15,"column":717}},{"start":{"line":15,"column":564},"end":{"line":15,"column":717}}]},"12":{"loc":{"start":{"line":15,"column":567},"end":{"line":15,"column":616}},"type":"binary-expr","locations":[{"start":{"line":15,"column":567},"end":{"line":15,"column":597}},{"start":{"line":15,"column":599},"end":{"line":15,"column":616}}]},"13":{"loc":{"start":{"line":15,"column":750},"end":{"line":15,"column":782}},"type":"binary-expr","locations":[{"start":{"line":15,"column":750},"end":{"line":15,"column":760}},{"start":{"line":15,"column":762},"end":{"line":15,"column":782}}]},"14":{"loc":{"start":{"line":15,"column":864},"end":{"line":15,"column":973}},"type":"if","locations":[{"start":{"line":15,"column":864},"end":{"line":15,"column":973}},{"start":{"line":15,"column":864},"end":{"line":15,"column":973}}]},"15":{"loc":{"start":{"line":15,"column":878},"end":{"line":15,"column":972}},"type":"cond-expr","locations":[{"start":{"line":15,"column":900},"end":{"line":15,"column":942}},{"start":{"line":15,"column":943},"end":{"line":15,"column":972}}]},"16":{"loc":{"start":{"line":23,"column":16},"end":{"line":23,"column":48}},"type":"binary-expr","locations":[{"start":{"line":23,"column":16},"end":{"line":23,"column":37}},{"start":{"line":23,"column":39},"end":{"line":23,"column":48}}]},"17":{"loc":{"start":{"line":24,"column":13},"end":{"line":24,"column":42}},"type":"binary-expr","locations":[{"start":{"line":24,"column":13},"end":{"line":24,"column":31}},{"start":{"line":24,"column":33},"end":{"line":24,"column":42}}]},"18":{"loc":{"start":{"line":25,"column":8},"end":{"line":25,"column":28}},"type":"binary-expr","locations":[{"start":{"line":25,"column":8},"end":{"line":25,"column":21}},{"start":{"line":25,"column":23},"end":{"line":25,"column":28}}]},"19":{"loc":{"start":{"line":26,"column":9},"end":{"line":26,"column":26}},"type":"binary-expr","locations":[{"start":{"line":26,"column":9},"end":{"line":26,"column":23}},{"start":{"line":26,"column":25},"end":{"line":26,"column":26}}]},"20":{"loc":{"start":{"line":27,"column":10},"end":{"line":27,"column":28}},"type":"binary-expr","locations":[{"start":{"line":27,"column":10},"end":{"line":27,"column":25}},{"start":{"line":27,"column":27},"end":{"line":27,"column":28}}]},"21":{"loc":{"start":{"line":74,"column":0},"end":{"line":81,"column":1}},"type":"if","locations":[{"start":{"line":74,"column":0},"end":{"line":81,"column":1}},{"start":{"line":74,"column":0},"end":{"line":81,"column":1}}]}},"s":{"1":1,"2":1,"3":1,"4":5,"5":5,"6":5,"7":5,"8":5,"9":5,"10":1,"11":1,"12":1,"13":1,"14":0,"15":1,"16":1,"17":1,"18":1,"19":1,"20":1,"21":1,"22":1,"23":1,"24":1,"25":4,"26":0,"27":0,"28":0,"29":0,"30":0,"31":1,"32":0,"33":1,"34":1,"35":1,"36":1,"37":1,"38":0,"39":0,"40":0,"41":0,"42":1,"43":0,"44":0,"45":0,"46":0,"47":0,"48":0,"49":0,"50":0,"51":0,"52":0,"53":0,"54":0,"55":0,"56":0,"57":0,"58":0,"59":1,"60":1},"f":{"1":1,"2":1,"3":1,"4":4,"5":0,"6":0,"7":1,"8":1,"9":0,"10":0,"11":0,"12":0,"13":0,"14":0,"15":0,"16":0,"17":0,"18":0,"19":0,"20":0},"b":{"1":[5,5],"2":[5,0],"3":[1,0],"4":[0,1],"5":[3,1],"6":[4,4],"7":[0,0],"8":[0,0],"9":[0,0],"10":[0,0,0],"11":[0,1],"12":[1,0],"13":[1,1],"14":[1,0],"15":[1,0],"16":[0,0],"17":[0,0],"18":[0,0],"19":[0,0],"20":[0,0],"21":[0,0]},"hash":"08e6f7f773f87cf36bad4ccc8279b9c5c5a23ed8","l":{"1":5,"9":1,"10":1,"13":1,"14":1,"15":4,"17":1,"19":0,"22":0,"27":0,"29":1,"33":0,"38":0,"44":0,"52":0,"53":0,"55":0,"56":0,"57":0,"58":0,"60":0,"67":0,"74":0,"75":0,"80":0,"83":0,"86":0,"94":1}},
"/Users/adamwysocki/projects/whereami/app/components/whereami/styles.js":{"path":"/Users/adamwysocki/projects/whereami/app/components/whereami/styles.js","statementMap":{"1":{"start":{"line":1,"column":27},"end":{"line":1,"column":84}},"2":{"start":{"line":8,"column":17},"end":{"line":8,"column":40}},"3":{"start":{"line":8,"column":41},"end":{"line":22,"column":15}}},"fnMap":{},"branchMap":{},"s":{"1":1,"2":1,"3":1},"f":{},"b":{},"hash":"687bab581e2f3a66dfda9452f4fc4ca4aadb2426","l":{"1":1,"8":1}}}
