TN:
SF:/Users/adamwysocki/projects/whereami/app/api/getBaseLocation.js
FN:,getBaseLocation
FN:,(anonymous_2)
FN:,(anonymous_3)
FN:,(anonymous_4)
FN:,(anonymous_5)
FN:,getCity
FN:,getState
FN:,getCountry
FNF:8
FNH:8
FNDA:4,getBaseLocation
FNDA:4,(anonymous_2)
FNDA:3,(anonymous_3)
FNDA:3,(anonymous_4)
FNDA:1,(anonymous_5)
FNDA:2,getCity
FNDA:2,getState
FNDA:2,getCountry
DA:1,2
DA:5,4
DA:6,4
DA:7,4
DA:10,4
DA:11,3
DA:13,3
DA:15,2
DA:16,2
DA:17,2
DA:18,2
DA:21,1
DA:26,1
DA:33,2
DA:37,2
DA:41,2
LF:16
LH:16
BRDA:,1,0,2
BRDA:,1,1,1
BRF:2
BRH:2
end_of_record
TN:
SF:/Users/adamwysocki/projects/whereami/app/components/button/index.js
FN:,(anonymous_1)
FN:,defineProperties
FN:,(anonymous_3)
FN:,_interopRequireDefault
FN:,_classCallCheck
FN:,_possibleConstructorReturn
FN:,_inherits
FN:,(anonymous_8)
FN:,Button
FN:,render
FNF:10
FNH:10
FNDA:3,(anonymous_1)
FNDA:3,defineProperties
FNDA:3,(anonymous_3)
FNDA:3,_interopRequireDefault
FNDA:3,_classCallCheck
FNDA:3,_possibleConstructorReturn
FNDA:3,_inherits
FNDA:3,(anonymous_8)
FNDA:3,Button
FNDA:6,render
DA:1,3
DA:7,3
DA:8,3
DA:15,3
DA:17,6
DA:24,3
DA:27,3
DA:32,3
LF:8
LH:8
BRDA:,1,0,3
BRDA:,1,1,3
BRDA:,2,0,3
BRDA:,2,1,0
BRDA:,3,0,3
BRDA:,3,1,0
BRDA:,4,0,0
BRDA:,4,1,3
BRDA:,5,0,0
BRDA:,5,1,3
BRDA:,6,0,3
BRDA:,6,1,3
BRDA:,7,0,0
BRDA:,7,1,3
BRDA:,8,0,0
BRDA:,8,1,3
BRDA:,9,0,0
BRDA:,9,1,3
BRDA:,10,0,3
BRDA:,10,1,0
BRDA:,10,2,0
BRDA:,11,0,0
BRDA:,11,1,3
BRDA:,12,0,3
BRDA:,12,1,0
BRDA:,13,0,3
BRDA:,13,1,3
BRDA:,14,0,3
BRDA:,14,1,0
BRDA:,15,0,3
BRDA:,15,1,0
BRF:31
BRH:18
end_of_record
TN:
SF:/Users/adamwysocki/projects/whereami/app/components/location/index.js
FN:,(anonymous_1)
FN:,defineProperties
FN:,(anonymous_3)
FN:,_interopRequireDefault
FN:,_classCallCheck
FN:,_possibleConstructorReturn
FN:,_inherits
FN:,(anonymous_8)
FN:,Location
FN:,render
FNF:10
FNH:10
FNDA:2,(anonymous_1)
FNDA:2,defineProperties
FNDA:2,(anonymous_3)
FNDA:4,_interopRequireDefault
FNDA:2,_classCallCheck
FNDA:2,_possibleConstructorReturn
FNDA:2,_inherits
FNDA:2,(anonymous_8)
FNDA:2,Location
FNDA:5,render
DA:1,2
DA:7,2
DA:8,2
DA:15,4
DA:17,2
DA:19,2
DA:21,2
DA:24,5
DA:30,2
DA:33,2
DA:40,2
LF:11
LH:11
BRDA:,1,0,2
BRDA:,1,1,2
BRDA:,2,0,2
BRDA:,2,1,0
BRDA:,3,0,2
BRDA:,3,1,0
BRDA:,4,0,0
BRDA:,4,1,2
BRDA:,5,0,2
BRDA:,5,1,2
BRDA:,6,0,4
BRDA:,6,1,4
BRDA:,7,0,0
BRDA:,7,1,2
BRDA:,8,0,0
BRDA:,8,1,2
BRDA:,9,0,0
BRDA:,9,1,2
BRDA:,10,0,2
BRDA:,10,1,0
BRDA:,10,2,0
BRDA:,11,0,0
BRDA:,11,1,2
BRDA:,12,0,2
BRDA:,12,1,0
BRDA:,13,0,2
BRDA:,13,1,2
BRDA:,14,0,2
BRDA:,14,1,0
BRDA:,15,0,2
BRDA:,15,1,0
BRF:31
BRH:19
end_of_record
TN:
SF:/Users/adamwysocki/projects/whereami/app/components/locationContainer/index.js
FN:,(anonymous_1)
FN:,defineProperties
FN:,(anonymous_3)
FN:,_interopRequireDefault
FN:,_classCallCheck
FN:,_possibleConstructorReturn
FN:,_inherits
FN:,(anonymous_8)
FN:,LocationContainer
FN:,componentDidMount
FN:,(anonymous_11)
FN:,render
FNF:12
FNH:12
FNDA:1,(anonymous_1)
FNDA:1,defineProperties
FNDA:1,(anonymous_3)
FNDA:3,_interopRequireDefault
FNDA:1,_classCallCheck
FNDA:1,_possibleConstructorReturn
FNDA:1,_inherits
FNDA:1,(anonymous_8)
FNDA:1,LocationContainer
FNDA:1,componentDidMount
FNDA:1,(anonymous_11)
FNDA:4,render
DA:1,2
DA:7,1
DA:8,1
DA:15,1
DA:16,3
DA:18,1
DA:20,1
DA:22,1
DA:25,1
DA:27,1
DA:29,1
DA:31,1
DA:33,1
DA:34,1
DA:35,1
DA:36,1
DA:42,4
DA:49,1
DA:52,1
DA:58,1
LF:20
LH:20
BRDA:,1,0,2
BRDA:,1,1,2
BRDA:,2,0,2
BRDA:,2,1,0
BRDA:,3,0,1
BRDA:,3,1,0
BRDA:,4,0,0
BRDA:,4,1,1
BRDA:,5,0,2
BRDA:,5,1,1
BRDA:,6,0,3
BRDA:,6,1,3
BRDA:,7,0,0
BRDA:,7,1,1
BRDA:,8,0,0
BRDA:,8,1,1
BRDA:,9,0,0
BRDA:,9,1,1
BRDA:,10,0,1
BRDA:,10,1,0
BRDA:,10,2,0
BRDA:,11,0,0
BRDA:,11,1,1
BRDA:,12,0,1
BRDA:,12,1,0
BRDA:,13,0,1
BRDA:,13,1,1
BRDA:,14,0,1
BRDA:,14,1,0
BRDA:,15,0,1
BRDA:,15,1,0
BRDA:,16,0,1
BRDA:,16,1,0
BRF:33
BRH:20
end_of_record
