TN:
SF:/Users/adamwysocki/projects/whereami/app/components/button/index.js
FN:,(anonymous_1)
FN:,defineProperties
FN:,(anonymous_3)
FN:,_interopRequireDefault
FN:,_classCallCheck
FN:,_possibleConstructorReturn
FN:,_inherits
FN:,(anonymous_8)
FN:,Button
FN:,render
FNF:10
FNH:10
FNDA:4,(anonymous_1)
FNDA:4,defineProperties
FNDA:4,(anonymous_3)
FNDA:4,_interopRequireDefault
FNDA:3,_classCallCheck
FNDA:3,_possibleConstructorReturn
FNDA:4,_inherits
FNDA:4,(anonymous_8)
FNDA:3,Button
FNDA:6,render
DA:1,4
DA:7,4
DA:8,4
DA:15,4
DA:17,6
DA:24,4
DA:27,4
DA:32,4
LF:8
LH:8
BRDA:,1,0,4
BRDA:,1,1,4
BRDA:,2,0,4
BRDA:,2,1,0
BRDA:,3,0,4
BRDA:,3,1,0
BRDA:,4,0,0
BRDA:,4,1,4
BRDA:,5,0,0
BRDA:,5,1,4
BRDA:,6,0,4
BRDA:,6,1,4
BRDA:,7,0,0
BRDA:,7,1,3
BRDA:,8,0,0
BRDA:,8,1,3
BRDA:,9,0,0
BRDA:,9,1,3
BRDA:,10,0,3
BRDA:,10,1,0
BRDA:,10,2,0
BRDA:,11,0,0
BRDA:,11,1,4
BRDA:,12,0,4
BRDA:,12,1,0
BRDA:,13,0,4
BRDA:,13,1,4
BRDA:,14,0,4
BRDA:,14,1,0
BRDA:,15,0,4
BRDA:,15,1,0
BRF:31
BRH:18
end_of_record
TN:
SF:/Users/adamwysocki/projects/whereami/app/api/getBaseLocation.js
FN:,getBaseLocation
FN:,(anonymous_2)
FN:,(anonymous_3)
FN:,(anonymous_4)
FN:,(anonymous_5)
FN:,getCity
FN:,getState
FN:,getCountry
FNF:8
FNH:8
FNDA:4,getBaseLocation
FNDA:4,(anonymous_2)
FNDA:3,(anonymous_3)
FNDA:3,(anonymous_4)
FNDA:1,(anonymous_5)
FNDA:2,getCity
FNDA:2,getState
FNDA:2,getCountry
DA:1,3
DA:5,4
DA:6,4
DA:7,4
DA:10,4
DA:11,3
DA:13,3
DA:15,2
DA:16,2
DA:17,2
DA:18,2
DA:21,1
DA:26,1
DA:33,2
DA:37,2
DA:41,2
LF:16
LH:16
BRDA:,1,0,2
BRDA:,1,1,1
BRF:2
BRH:2
end_of_record
TN:
SF:/Users/adamwysocki/projects/whereami/app/components/whereami/index.js
FN:,(anonymous_1)
FN:,defineProperties
FN:,(anonymous_3)
FN:,_interopRequireDefault
FN:,_classCallCheck
FN:,_possibleConstructorReturn
FN:,_inherits
FN:,(anonymous_8)
FN:,whereami
FN:,componentDidMount
FN:,_getTopNavBar
FN:,LeftButton
FN:,RightButton
FN:,Title
FN:,_updateLocation
FN:,(anonymous_16)
FN:,(anonymous_17)
FN:,_wherePressed
FN:,render
FN:,renderScene
FNF:20
FNH:6
FNDA:1,(anonymous_1)
FNDA:1,defineProperties
FNDA:1,(anonymous_3)
FNDA:4,_interopRequireDefault
FNDA:0,_classCallCheck
FNDA:0,_possibleConstructorReturn
FNDA:1,_inherits
FNDA:1,(anonymous_8)
FNDA:0,whereami
FNDA:0,componentDidMount
FNDA:0,_getTopNavBar
FNDA:0,LeftButton
FNDA:0,RightButton
FNDA:0,Title
FNDA:0,_updateLocation
FNDA:0,(anonymous_16)
FNDA:0,(anonymous_17)
FNDA:0,_wherePressed
FNDA:0,render
FNDA:0,renderScene
DA:1,5
DA:9,1
DA:10,1
DA:18,1
DA:19,1
DA:20,4
DA:22,1
DA:24,0
DA:27,0
DA:32,0
DA:34,1
DA:38,0
DA:43,0
DA:49,0
DA:57,0
DA:58,0
DA:60,0
DA:61,0
DA:62,0
DA:63,0
DA:65,0
DA:72,0
DA:79,0
DA:80,0
DA:85,0
DA:88,0
DA:91,0
DA:99,1
LF:28
LH:9
BRDA:,1,0,5
BRDA:,1,1,5
BRDA:,2,0,5
BRDA:,2,1,0
BRDA:,3,0,1
BRDA:,3,1,0
BRDA:,4,0,0
BRDA:,4,1,1
BRDA:,5,0,3
BRDA:,5,1,1
BRDA:,6,0,4
BRDA:,6,1,4
BRDA:,7,0,0
BRDA:,7,1,0
BRDA:,8,0,0
BRDA:,8,1,0
BRDA:,9,0,0
BRDA:,9,1,0
BRDA:,10,0,0
BRDA:,10,1,0
BRDA:,10,2,0
BRDA:,11,0,0
BRDA:,11,1,1
BRDA:,12,0,1
BRDA:,12,1,0
BRDA:,13,0,1
BRDA:,13,1,1
BRDA:,14,0,1
BRDA:,14,1,0
BRDA:,15,0,1
BRDA:,15,1,0
BRDA:,16,0,0
BRDA:,16,1,0
BRDA:,17,0,0
BRDA:,17,1,0
BRDA:,18,0,0
BRDA:,18,1,0
BRDA:,19,0,0
BRDA:,19,1,0
BRDA:,20,0,0
BRDA:,20,1,0
BRDA:,21,0,0
BRDA:,21,1,0
BRF:43
BRH:15
end_of_record
TN:
SF:/Users/adamwysocki/projects/whereami/app/components/locationContainer/index.js
FN:,(anonymous_1)
FN:,defineProperties
FN:,(anonymous_3)
FN:,_interopRequireDefault
FN:,_classCallCheck
FN:,_possibleConstructorReturn
FN:,_inherits
FN:,(anonymous_8)
FN:,LocationContainer
FN:,componentDidMount
FN:,(anonymous_11)
FN:,render
FNF:12
FNH:12
FNDA:2,(anonymous_1)
FNDA:2,defineProperties
FNDA:2,(anonymous_3)
FNDA:6,_interopRequireDefault
FNDA:1,_classCallCheck
FNDA:1,_possibleConstructorReturn
FNDA:2,_inherits
FNDA:2,(anonymous_8)
FNDA:1,LocationContainer
FNDA:1,componentDidMount
FNDA:1,(anonymous_11)
FNDA:4,render
DA:1,4
DA:7,2
DA:8,2
DA:15,2
DA:16,6
DA:18,2
DA:20,1
DA:22,1
DA:25,1
DA:27,2
DA:29,1
DA:31,1
DA:33,1
DA:34,1
DA:35,1
DA:36,1
DA:42,4
DA:49,2
DA:52,2
DA:58,2
LF:20
LH:20
BRDA:,1,0,4
BRDA:,1,1,4
BRDA:,2,0,4
BRDA:,2,1,0
BRDA:,3,0,2
BRDA:,3,1,0
BRDA:,4,0,0
BRDA:,4,1,2
BRDA:,5,0,4
BRDA:,5,1,2
BRDA:,6,0,6
BRDA:,6,1,6
BRDA:,7,0,0
BRDA:,7,1,1
BRDA:,8,0,0
BRDA:,8,1,1
BRDA:,9,0,0
BRDA:,9,1,1
BRDA:,10,0,1
BRDA:,10,1,0
BRDA:,10,2,0
BRDA:,11,0,0
BRDA:,11,1,2
BRDA:,12,0,2
BRDA:,12,1,0
BRDA:,13,0,2
BRDA:,13,1,2
BRDA:,14,0,2
BRDA:,14,1,0
BRDA:,15,0,2
BRDA:,15,1,0
BRDA:,16,0,1
BRDA:,16,1,0
BRF:33
BRH:20
end_of_record
TN:
SF:/Users/adamwysocki/projects/whereami/app/components/location/index.js
FN:,(anonymous_1)
FN:,defineProperties
FN:,(anonymous_3)
FN:,_interopRequireDefault
FN:,_classCallCheck
FN:,_possibleConstructorReturn
FN:,_inherits
FN:,(anonymous_8)
FN:,Location
FN:,render
FNF:10
FNH:10
FNDA:3,(anonymous_1)
FNDA:3,defineProperties
FNDA:3,(anonymous_3)
FNDA:6,_interopRequireDefault
FNDA:2,_classCallCheck
FNDA:2,_possibleConstructorReturn
FNDA:3,_inherits
FNDA:3,(anonymous_8)
FNDA:2,Location
FNDA:5,render
DA:1,3
DA:7,3
DA:8,3
DA:15,6
DA:17,3
DA:19,2
DA:21,3
DA:24,5
DA:30,3
DA:33,3
DA:40,3
LF:11
LH:11
BRDA:,1,0,3
BRDA:,1,1,3
BRDA:,2,0,3
BRDA:,2,1,0
BRDA:,3,0,3
BRDA:,3,1,0
BRDA:,4,0,0
BRDA:,4,1,3
BRDA:,5,0,3
BRDA:,5,1,3
BRDA:,6,0,6
BRDA:,6,1,6
BRDA:,7,0,0
BRDA:,7,1,2
BRDA:,8,0,0
BRDA:,8,1,2
BRDA:,9,0,0
BRDA:,9,1,2
BRDA:,10,0,2
BRDA:,10,1,0
BRDA:,10,2,0
BRDA:,11,0,0
BRDA:,11,1,3
BRDA:,12,0,3
BRDA:,12,1,0
BRDA:,13,0,3
BRDA:,13,1,3
BRDA:,14,0,3
BRDA:,14,1,0
BRDA:,15,0,3
BRDA:,15,1,0
BRF:31
BRH:19
end_of_record
TN:
SF:/Users/adamwysocki/projects/whereami/app/components/whereami/styles.js
FNF:0
FNH:0
DA:1,1
DA:8,1
LF:2
LH:2
BRF:0
BRH:0
end_of_record
